# JRE version: Java(TM) SE Runtime Environment (8.0_25-b17) (build 1.8.0_25-b17)
# Java VM: Java HotSpot(TM) 64-Bit Server VM (25.25-b02 mixed mode linux-amd64 compressed oops)
Heap:
 PSYoungGen      total 172544K, used 98138K [0x00000000d5580000, 0x00000000e2f80000, 0x0000000100000000)
  eden space 164352K, 54% used [0x00000000d5580000,0x00000000dad5c420,0x00000000df600000)
  from space 8192K, 99% used [0x00000000e2780000,0x00000000e2f7a3f8,0x00000000e2f80000)
  to   space 8192K, 0% used [0x00000000e1f80000,0x00000000e1f80000,0x00000000e2780000)
 ParOldGen       total 136704K, used 40898K [0x0000000080000000, 0x0000000088580000, 0x00000000d5580000)
  object space 136704K, 29% used [0x0000000080000000,0x00000000827f0a00,0x0000000088580000)
 Metaspace       used 31019K, capacity 33402K, committed 33536K, reserved 1079296K
  class space    used 3472K, capacity 4242K, committed 4352K, reserved 1048576K
GC Heap History (10 events):
Event: 1.986 GC heap before
{Heap before GC invocations=1 (full 0):
 PSYoungGen      total 59904K, used 51712K [0x00000000d5580000, 0x00000000d9800000, 0x0000000100000000)
  eden space 51712K, 100% used [0x00000000d5580000,0x00000000d8800000,0x00000000d8800000)
  from space 8192K, 0% used [0x00000000d9000000,0x00000000d9000000,0x00000000d9800000)
  to   space 8192K, 0% used [0x00000000d8800000,0x00000000d8800000,0x00000000d9000000)
 ParOldGen       total 136704K, used 0K [0x0000000080000000, 0x0000000088580000, 0x00000000d5580000)
  object space 136704K, 0% used [0x0000000080000000,0x0000000080000000,0x0000000088580000)
 Metaspace       used 8454K, capacity 8576K, committed 8704K, reserved 1056768K
  class space    used 879K, capacity 921K, committed 1024K, reserved 1048576K
Event: 2.026 GC heap after
Heap after GC invocations=1 (full 0):
 PSYoungGen      total 59904K, used 8177K [0x00000000d5580000, 0x00000000dca80000, 0x0000000100000000)
  eden space 51712K, 0% used [0x00000000d5580000,0x00000000d5580000,0x00000000d8800000)
  from space 8192K, 99% used [0x00000000d8800000,0x00000000d8ffc7f0,0x00000000d9000000)
  to   space 8192K, 0% used [0x00000000dc280000,0x00000000dc280000,0x00000000dca80000)
 ParOldGen       total 136704K, used 6216K [0x0000000080000000, 0x0000000088580000, 0x00000000d5580000)
  object space 136704K, 4% used [0x0000000080000000,0x0000000080612130,0x0000000088580000)
 Metaspace       used 8454K, capacity 8576K, committed 8704K, reserved 1056768K
  class space    used 879K, capacity 921K, committed 1024K, reserved 1048576K
}
Event: 5.696 GC heap before
{Heap before GC invocations=2 (full 0):
 PSYoungGen      total 59904K, used 59889K [0x00000000d5580000, 0x00000000dca80000, 0x0000000100000000)
  eden space 51712K, 100% used [0x00000000d5580000,0x00000000d8800000,0x00000000d8800000)
  from space 8192K, 99% used [0x00000000d8800000,0x00000000d8ffc7f0,0x00000000d9000000)
  to   space 8192K, 0% used [0x00000000dc280000,0x00000000dc280000,0x00000000dca80000)
 ParOldGen       total 136704K, used 6216K [0x0000000080000000, 0x0000000088580000, 0x00000000d5580000)
  object space 136704K, 4% used [0x0000000080000000,0x0000000080612130,0x0000000088580000)
 Metaspace       used 17981K, capacity 19338K, committed 19456K, reserved 1067008K
  class space    used 1824K, capacity 2194K, committed 2304K, reserved 1048576K
Event: 5.755 GC heap after
Heap after GC invocations=2 (full 0):
 PSYoungGen      total 111616K, used 8182K [0x00000000d5580000, 0x00000000dca80000, 0x0000000100000000)
  eden space 103424K, 0% used [0x00000000d5580000,0x00000000d5580000,0x00000000dba80000)
  from space 8192K, 99% used [0x00000000dc280000,0x00000000dca7da70,0x00000000dca80000)
  to   space 8192K, 0% used [0x00000000dba80000,0x00000000dba80000,0x00000000dc280000)
 ParOldGen       total 136704K, used 19133K [0x0000000080000000, 0x0000000088580000, 0x00000000d5580000)
  object space 136704K, 13% used [0x0000000080000000,0x00000000812af6b8,0x0000000088580000)
 Metaspace       used 17981K, capacity 19338K, committed 19456K, reserved 1067008K
  class space    used 1824K, capacity 2194K, committed 2304K, reserved 1048576K
}
Event: 6.204 GC heap before
{Heap before GC invocations=3 (full 0):
 PSYoungGen      total 111616K, used 27757K [0x00000000d5580000, 0x00000000dca80000, 0x0000000100000000)
  eden space 103424K, 18% used [0x00000000d5580000,0x00000000d689daa0,0x00000000dba80000)
  from space 8192K, 99% used [0x00000000dc280000,0x00000000dca7da70,0x00000000dca80000)
  to   space 8192K, 0% used [0x00000000dba80000,0x00000000dba80000,0x00000000dc280000)
 ParOldGen       total 136704K, used 19133K [0x0000000080000000, 0x0000000088580000, 0x00000000d5580000)
  object space 136704K, 13% used [0x0000000080000000,0x00000000812af6b8,0x0000000088580000)
 Metaspace       used 19830K, capacity 21194K, committed 21296K, reserved 1069056K
  class space    used 2011K, capacity 2386K, committed 2432K, reserved 1048576K
Event: 6.265 GC heap after
Heap after GC invocations=3 (full 0):
 PSYoungGen      total 111616K, used 8179K [0x00000000d5580000, 0x00000000e2f80000, 0x0000000100000000)
  eden space 103424K, 0% used [0x00000000d5580000,0x00000000d5580000,0x00000000dba80000)
  from space 8192K, 99% used [0x00000000dba80000,0x00000000dc27cf28,0x00000000dc280000)
  to   space 8192K, 0% used [0x00000000e2780000,0x00000000e2780000,0x00000000e2f80000)
 ParOldGen       total 136704K, used 24861K [0x0000000080000000, 0x0000000088580000, 0x00000000d5580000)
  object space 136704K, 18% used [0x0000000080000000,0x0000000081847520,0x0000000088580000)
 Metaspace       used 19830K, capacity 21194K, committed 21296K, reserved 1069056K
  class space    used 2011K, capacity 2386K, committed 2432K, reserved 1048576K
}
Event: 6.265 GC heap before
{Heap before GC invocations=4 (full 1):
 PSYoungGen      total 111616K, used 8179K [0x00000000d5580000, 0x00000000e2f80000, 0x0000000100000000)
  eden space 103424K, 0% used [0x00000000d5580000,0x00000000d5580000,0x00000000dba80000)
  from space 8192K, 99% used [0x00000000dba80000,0x00000000dc27cf28,0x00000000dc280000)
  to   space 8192K, 0% used [0x00000000e2780000,0x00000000e2780000,0x00000000e2f80000)
 ParOldGen       total 136704K, used 24861K [0x0000000080000000, 0x0000000088580000, 0x00000000d5580000)
  object space 136704K, 18% used [0x0000000080000000,0x0000000081847520,0x0000000088580000)
 Metaspace       used 19830K, capacity 21194K, committed 21296K, reserved 1069056K
  class space    used 2011K, capacity 2386K, committed 2432K, reserved 1048576K
Event: 6.466 GC heap after
Heap after GC invocations=4 (full 1):
 PSYoungGen      total 111616K, used 0K [0x00000000d5580000, 0x00000000e2f80000, 0x0000000100000000)
  eden space 103424K, 0% used [0x00000000d5580000,0x00000000d5580000,0x00000000dba80000)
  from space 8192K, 0% used [0x00000000dba80000,0x00000000dba80000,0x00000000dc280000)
  to   space 8192K, 0% used [0x00000000e2780000,0x00000000e2780000,0x00000000e2f80000)
 ParOldGen       total 136704K, used 27643K [0x0000000080000000, 0x0000000088580000, 0x00000000d5580000)
  object space 136704K, 20% used [0x0000000080000000,0x0000000081afeda0,0x0000000088580000)
 Metaspace       used 19830K, capacity 21194K, committed 21296K, reserved 1069056K
  class space    used 2011K, capacity 2386K, committed 2432K, reserved 1048576K
}
Event: 8.786 GC heap before
{Heap before GC invocations=5 (full 1):
 PSYoungGen      total 111616K, used 103424K [0x00000000d5580000, 0x00000000e2f80000, 0x0000000100000000)
  eden space 103424K, 100% used [0x00000000d5580000,0x00000000dba80000,0x00000000dba80000)
  from space 8192K, 0% used [0x00000000dba80000,0x00000000dba80000,0x00000000dc280000)
  to   space 8192K, 0% used [0x00000000e2780000,0x00000000e2780000,0x00000000e2f80000)
 ParOldGen       total 136704K, used 27643K [0x0000000080000000, 0x0000000088580000, 0x00000000d5580000)
  object space 136704K, 20% used [0x0000000080000000,0x0000000081afeda0,0x0000000088580000)
 Metaspace       used 22300K, capacity 23720K, committed 23936K, reserved 1071104K
  class space    used 2198K, capacity 2652K, committed 2688K, reserved 1048576K
Event: 8.847 GC heap after
Heap after GC invocations=5 (full 1):
 PSYoungGen      total 172544K, used 8168K [0x00000000d5580000, 0x00000000e2f80000, 0x0000000100000000)
  eden space 164352K, 0% used [0x00000000d5580000,0x00000000d5580000,0x00000000df600000)
  from space 8192K, 99% used [0x00000000e2780000,0x00000000e2f7a3f8,0x00000000e2f80000)
  to   space 8192K, 0% used [0x00000000e1f80000,0x00000000e1f80000,0x00000000e2780000)
 ParOldGen       total 136704K, used 40898K [0x0000000080000000, 0x0000000088580000, 0x00000000d5580000)
  object space 136704K, 29% used [0x0000000080000000,0x00000000827f0a00,0x0000000088580000)
 Metaspace       used 22300K, capacity 23720K, committed 23936K, reserved 1071104K
  class space    used 2198K, capacity 2652K, committed 2688K, reserved 1048576K
}

