# JRE version: Java(TM) SE Runtime Environment (8.0_25-b17) (build 1.8.0_25-b17)
# Java VM: Java HotSpot(TM) 64-Bit Server VM (25.25-b02 mixed mode linux-amd64 compressed oops)
Heap:
 PSYoungGen      total 37888K, used 20945K [0x00000000d6500000, 0x00000000d8f00000, 0x0000000100000000)
  eden space 32768K, 51% used [0x00000000d6500000,0x00000000d75a0390,0x00000000d8500000)
  from space 5120K, 76% used [0x00000000d8a00000,0x00000000d8dd40d0,0x00000000d8f00000)
  to   space 5120K, 0% used [0x00000000d8500000,0x00000000d8500000,0x00000000d8a00000)
 ParOldGen       total 86016K, used 1603K [0x0000000082e00000, 0x0000000088200000, 0x00000000d6500000)
  object space 86016K, 1% used [0x0000000082e00000,0x0000000082f90ff8,0x0000000088200000)
 Metaspace       used 15355K, capacity 15536K, committed 15872K, reserved 1062912K
  class space    used 1704K, capacity 1768K, committed 1792K, reserved 1048576K
GC Heap History (8 events):
Event: 3.759 GC heap before
{Heap before GC invocations=1 (full 0):
 PSYoungGen      total 37888K, used 32768K [0x00000000d6500000, 0x00000000d8f00000, 0x0000000100000000)
  eden space 32768K, 100% used [0x00000000d6500000,0x00000000d8500000,0x00000000d8500000)
  from space 5120K, 0% used [0x00000000d8a00000,0x00000000d8a00000,0x00000000d8f00000)
  to   space 5120K, 0% used [0x00000000d8500000,0x00000000d8500000,0x00000000d8a00000)
 ParOldGen       total 86016K, used 0K [0x0000000082e00000, 0x0000000088200000, 0x00000000d6500000)
  object space 86016K, 0% used [0x0000000082e00000,0x0000000082e00000,0x0000000088200000)
 Metaspace       used 13352K, capacity 13524K, committed 13696K, reserved 1060864K
  class space    used 1551K, capacity 1598K, committed 1664K, reserved 1048576K
Event: 3.777 GC heap after
Heap after GC invocations=1 (full 0):
 PSYoungGen      total 37888K, used 5109K [0x00000000d6500000, 0x00000000d8f00000, 0x0000000100000000)
  eden space 32768K, 0% used [0x00000000d6500000,0x00000000d6500000,0x00000000d8500000)
  from space 5120K, 99% used [0x00000000d8500000,0x00000000d89fd520,0x00000000d8a00000)
  to   space 5120K, 0% used [0x00000000d8a00000,0x00000000d8a00000,0x00000000d8f00000)
 ParOldGen       total 86016K, used 1563K [0x0000000082e00000, 0x0000000088200000, 0x00000000d6500000)
  object space 86016K, 1% used [0x0000000082e00000,0x0000000082f86ff8,0x0000000088200000)
 Metaspace       used 13352K, capacity 13524K, committed 13696K, reserved 1060864K
  class space    used 1551K, capacity 1598K, committed 1664K, reserved 1048576K
}
Event: 1034.591 GC heap before
{Heap before GC invocations=2 (full 0):
 PSYoungGen      total 37888K, used 37877K [0x00000000d6500000, 0x00000000d8f00000, 0x0000000100000000)
  eden space 32768K, 100% used [0x00000000d6500000,0x00000000d8500000,0x00000000d8500000)
  from space 5120K, 99% used [0x00000000d8500000,0x00000000d89fd520,0x00000000d8a00000)
  to   space 5120K, 0% used [0x00000000d8a00000,0x00000000d8a00000,0x00000000d8f00000)
 ParOldGen       total 86016K, used 1563K [0x0000000082e00000, 0x0000000088200000, 0x00000000d6500000)
  object space 86016K, 1% used [0x0000000082e00000,0x0000000082f86ff8,0x0000000088200000)
 Metaspace       used 15064K, capacity 15274K, committed 15616K, reserved 1062912K
  class space    used 1698K, capacity 1767K, committed 1792K, reserved 1048576K
Event: 1034.618 GC heap after
Heap after GC invocations=2 (full 0):
 PSYoungGen      total 37888K, used 4864K [0x00000000d6500000, 0x00000000d8f00000, 0x0000000100000000)
  eden space 32768K, 0% used [0x00000000d6500000,0x00000000d6500000,0x00000000d8500000)
  from space 5120K, 95% used [0x00000000d8a00000,0x00000000d8ec0240,0x00000000d8f00000)
  to   space 5120K, 0% used [0x00000000d8500000,0x00000000d8500000,0x00000000d8a00000)
 ParOldGen       total 86016K, used 1579K [0x0000000082e00000, 0x0000000088200000, 0x00000000d6500000)
  object space 86016K, 1% used [0x0000000082e00000,0x0000000082f8aff8,0x0000000088200000)
 Metaspace       used 15064K, capacity 15274K, committed 15616K, reserved 1062912K
  class space    used 1698K, capacity 1767K, committed 1792K, reserved 1048576K
}
Event: 5151.062 GC heap before
{Heap before GC invocations=3 (full 0):
 PSYoungGen      total 37888K, used 37632K [0x00000000d6500000, 0x00000000d8f00000, 0x0000000100000000)
  eden space 32768K, 100% used [0x00000000d6500000,0x00000000d8500000,0x00000000d8500000)
  from space 5120K, 95% used [0x00000000d8a00000,0x00000000d8ec0240,0x00000000d8f00000)
  to   space 5120K, 0% used [0x00000000d8500000,0x00000000d8500000,0x00000000d8a00000)
 ParOldGen       total 86016K, used 1579K [0x0000000082e00000, 0x0000000088200000, 0x00000000d6500000)
  object space 86016K, 1% used [0x0000000082e00000,0x0000000082f8aff8,0x0000000088200000)
 Metaspace       used 15260K, capacity 15466K, committed 15616K, reserved 1062912K
  class space    used 1701K, capacity 1767K, committed 1792K, reserved 1048576K
Event: 5151.079 GC heap after
Heap after GC invocations=3 (full 0):
 PSYoungGen      total 37888K, used 4240K [0x00000000d6500000, 0x00000000d8f00000, 0x0000000100000000)
  eden space 32768K, 0% used [0x00000000d6500000,0x00000000d6500000,0x00000000d8500000)
  from space 5120K, 82% used [0x00000000d8500000,0x00000000d89240e0,0x00000000d8a00000)
  to   space 5120K, 0% used [0x00000000d8a00000,0x00000000d8a00000,0x00000000d8f00000)
 ParOldGen       total 86016K, used 1587K [0x0000000082e00000, 0x0000000088200000, 0x00000000d6500000)
  object space 86016K, 1% used [0x0000000082e00000,0x0000000082f8cff8,0x0000000088200000)
 Metaspace       used 15260K, capacity 15466K, committed 15616K, reserved 1062912K
  class space    used 1701K, capacity 1767K, committed 1792K, reserved 1048576K
}
Event: 6000.840 GC heap before
{Heap before GC invocations=4 (full 0):
 PSYoungGen      total 37888K, used 36951K [0x00000000d6500000, 0x00000000d8f00000, 0x0000000100000000)
  eden space 32768K, 99% used [0x00000000d6500000,0x00000000d84f1db8,0x00000000d8500000)
  from space 5120K, 82% used [0x00000000d8500000,0x00000000d89240e0,0x00000000d8a00000)
  to   space 5120K, 0% used [0x00000000d8a00000,0x00000000d8a00000,0x00000000d8f00000)
 ParOldGen       total 86016K, used 1587K [0x0000000082e00000, 0x0000000088200000, 0x00000000d6500000)
  object space 86016K, 1% used [0x0000000082e00000,0x0000000082f8cff8,0x0000000088200000)
 Metaspace       used 15331K, capacity 15530K, committed 15872K, reserved 1062912K
  class space    used 1703K, capacity 1767K, committed 1792K, reserved 1048576K
Event: 6000.855 GC heap after
Heap after GC invocations=4 (full 0):
 PSYoungGen      total 37888K, used 3920K [0x00000000d6500000, 0x00000000d8f00000, 0x0000000100000000)
  eden space 32768K, 0% used [0x00000000d6500000,0x00000000d6500000,0x00000000d8500000)
  from space 5120K, 76% used [0x00000000d8a00000,0x00000000d8dd40d0,0x00000000d8f00000)
  to   space 5120K, 0% used [0x00000000d8500000,0x00000000d8500000,0x00000000d8a00000)
 ParOldGen       total 86016K, used 1603K [0x0000000082e00000, 0x0000000088200000, 0x00000000d6500000)
  object space 86016K, 1% used [0x0000000082e00000,0x0000000082f90ff8,0x0000000088200000)
 Metaspace       used 15331K, capacity 15530K, committed 15872K, reserved 1062912K
  class space    used 1703K, capacity 1767K, committed 1792K, reserved 1048576K
}

