# JRE version: Java(TM) SE Runtime Environment (8.0_25-b17) (build 1.8.0_25-b17)
# Java VM: Java HotSpot(TM) 64-Bit Server VM (25.25-b02 mixed mode linux-amd64 compressed oops)
Heap:
 PSYoungGen      total 37376K, used 25694K [0x00000000d6500000, 0x00000000d9780000, 0x0000000100000000)
  eden space 32256K, 63% used [0x00000000d6500000,0x00000000d791ba58,0x00000000d8480000)
  from space 5120K, 99% used [0x00000000d8500000,0x00000000d89fc050,0x00000000d8a00000)
  to   space 9728K, 0% used [0x00000000d8e00000,0x00000000d8e00000,0x00000000d9780000)
 ParOldGen       total 86016K, used 9248K [0x0000000082e00000, 0x0000000088200000, 0x00000000d6500000)
  object space 86016K, 10% used [0x0000000082e00000,0x0000000083708030,0x0000000088200000)
 Metaspace       used 19572K, capacity 19888K, committed 20224K, reserved 1067008K
  class space    used 2330K, capacity 2468K, committed 2560K, reserved 1048576K
GC Heap History (10 events):
Event: 2.733 GC heap before
{Heap before GC invocations=1 (full 0):
 PSYoungGen      total 37888K, used 32768K [0x00000000d6500000, 0x00000000d8f00000, 0x0000000100000000)
  eden space 32768K, 100% used [0x00000000d6500000,0x00000000d8500000,0x00000000d8500000)
  from space 5120K, 0% used [0x00000000d8a00000,0x00000000d8a00000,0x00000000d8f00000)
  to   space 5120K, 0% used [0x00000000d8500000,0x00000000d8500000,0x00000000d8a00000)
 ParOldGen       total 86016K, used 0K [0x0000000082e00000, 0x0000000088200000, 0x00000000d6500000)
  object space 86016K, 0% used [0x0000000082e00000,0x0000000082e00000,0x0000000088200000)
 Metaspace       used 7725K, capacity 7866K, committed 7936K, reserved 1056768K
  class space    used 944K, capacity 985K, committed 1024K, reserved 1048576K
Event: 2.740 GC heap after
Heap after GC invocations=1 (full 0):
 PSYoungGen      total 37888K, used 4660K [0x00000000d6500000, 0x00000000d8f00000, 0x0000000100000000)
  eden space 32768K, 0% used [0x00000000d6500000,0x00000000d6500000,0x00000000d8500000)
  from space 5120K, 91% used [0x00000000d8500000,0x00000000d898d158,0x00000000d8a00000)
  to   space 5120K, 0% used [0x00000000d8a00000,0x00000000d8a00000,0x00000000d8f00000)
 ParOldGen       total 86016K, used 16K [0x0000000082e00000, 0x0000000088200000, 0x00000000d6500000)
  object space 86016K, 0% used [0x0000000082e00000,0x0000000082e04000,0x0000000088200000)
 Metaspace       used 7725K, capacity 7866K, committed 7936K, reserved 1056768K
  class space    used 944K, capacity 985K, committed 1024K, reserved 1048576K
}
Event: 3.457 GC heap before
{Heap before GC invocations=2 (full 0):
 PSYoungGen      total 37888K, used 37428K [0x00000000d6500000, 0x00000000d8f00000, 0x0000000100000000)
  eden space 32768K, 100% used [0x00000000d6500000,0x00000000d8500000,0x00000000d8500000)
  from space 5120K, 91% used [0x00000000d8500000,0x00000000d898d158,0x00000000d8a00000)
  to   space 5120K, 0% used [0x00000000d8a00000,0x00000000d8a00000,0x00000000d8f00000)
 ParOldGen       total 86016K, used 16K [0x0000000082e00000, 0x0000000088200000, 0x00000000d6500000)
  object space 86016K, 0% used [0x0000000082e00000,0x0000000082e04000,0x0000000088200000)
 Metaspace       used 12012K, capacity 12140K, committed 12416K, reserved 1060864K
  class space    used 1496K, capacity 1574K, committed 1664K, reserved 1048576K
Event: 3.469 GC heap after
Heap after GC invocations=2 (full 0):
 PSYoungGen      total 37888K, used 5090K [0x00000000d6500000, 0x00000000d8f00000, 0x0000000100000000)
  eden space 32768K, 0% used [0x00000000d6500000,0x00000000d6500000,0x00000000d8500000)
  from space 5120K, 99% used [0x00000000d8a00000,0x00000000d8ef8b98,0x00000000d8f00000)
  to   space 5120K, 0% used [0x00000000d8500000,0x00000000d8500000,0x00000000d8a00000)
 ParOldGen       total 86016K, used 2019K [0x0000000082e00000, 0x0000000088200000, 0x00000000d6500000)
  object space 86016K, 2% used [0x0000000082e00000,0x0000000082ff8e50,0x0000000088200000)
 Metaspace       used 12012K, capacity 12140K, committed 12416K, reserved 1060864K
  class space    used 1496K, capacity 1574K, committed 1664K, reserved 1048576K
}
Event: 7.079 GC heap before
{Heap before GC invocations=3 (full 0):
 PSYoungGen      total 37888K, used 37858K [0x00000000d6500000, 0x00000000d8f00000, 0x0000000100000000)
  eden space 32768K, 100% used [0x00000000d6500000,0x00000000d8500000,0x00000000d8500000)
  from space 5120K, 99% used [0x00000000d8a00000,0x00000000d8ef8b98,0x00000000d8f00000)
  to   space 5120K, 0% used [0x00000000d8500000,0x00000000d8500000,0x00000000d8a00000)
 ParOldGen       total 86016K, used 2019K [0x0000000082e00000, 0x0000000088200000, 0x00000000d6500000)
  object space 86016K, 2% used [0x0000000082e00000,0x0000000082ff8e50,0x0000000088200000)
 Metaspace       used 13834K, capacity 14084K, committed 14336K, reserved 1062912K
  class space    used 1674K, capacity 1770K, committed 1792K, reserved 1048576K
Event: 7.091 GC heap after
Heap after GC invocations=3 (full 0):
 PSYoungGen      total 37888K, used 5088K [0x00000000d6500000, 0x00000000d8f00000, 0x0000000100000000)
  eden space 32768K, 0% used [0x00000000d6500000,0x00000000d6500000,0x00000000d8500000)
  from space 5120K, 99% used [0x00000000d8500000,0x00000000d89f8020,0x00000000d8a00000)
  to   space 5120K, 0% used [0x00000000d8a00000,0x00000000d8a00000,0x00000000d8f00000)
 ParOldGen       total 86016K, used 3292K [0x0000000082e00000, 0x0000000088200000, 0x00000000d6500000)
  object space 86016K, 3% used [0x0000000082e00000,0x00000000831373a8,0x0000000088200000)
 Metaspace       used 13834K, capacity 14084K, committed 14336K, reserved 1062912K
  class space    used 1674K, capacity 1770K, committed 1792K, reserved 1048576K
}
Event: 10.027 GC heap before
{Heap before GC invocations=4 (full 0):
 PSYoungGen      total 37888K, used 37856K [0x00000000d6500000, 0x00000000d8f00000, 0x0000000100000000)
  eden space 32768K, 100% used [0x00000000d6500000,0x00000000d8500000,0x00000000d8500000)
  from space 5120K, 99% used [0x00000000d8500000,0x00000000d89f8020,0x00000000d8a00000)
  to   space 5120K, 0% used [0x00000000d8a00000,0x00000000d8a00000,0x00000000d8f00000)
 ParOldGen       total 86016K, used 3292K [0x0000000082e00000, 0x0000000088200000, 0x00000000d6500000)
  object space 86016K, 3% used [0x0000000082e00000,0x00000000831373a8,0x0000000088200000)
 Metaspace       used 14636K, capacity 14882K, committed 15232K, reserved 1062912K
  class space    used 1753K, capacity 1843K, committed 1920K, reserved 1048576K
Event: 10.042 GC heap after
Heap after GC invocations=4 (full 0):
 PSYoungGen      total 37888K, used 5088K [0x00000000d6500000, 0x00000000d8f00000, 0x0000000100000000)
  eden space 32768K, 0% used [0x00000000d6500000,0x00000000d6500000,0x00000000d8500000)
  from space 5120K, 99% used [0x00000000d8a00000,0x00000000d8ef8040,0x00000000d8f00000)
  to   space 5120K, 0% used [0x00000000d8500000,0x00000000d8500000,0x00000000d8a00000)
 ParOldGen       total 86016K, used 5184K [0x0000000082e00000, 0x0000000088200000, 0x00000000d6500000)
  object space 86016K, 6% used [0x0000000082e00000,0x0000000083310120,0x0000000088200000)
 Metaspace       used 14636K, capacity 14882K, committed 15232K, reserved 1062912K
  class space    used 1753K, capacity 1843K, committed 1920K, reserved 1048576K
}
Event: 14.418 GC heap before
{Heap before GC invocations=5 (full 0):
 PSYoungGen      total 37888K, used 37856K [0x00000000d6500000, 0x00000000d8f00000, 0x0000000100000000)
  eden space 32768K, 100% used [0x00000000d6500000,0x00000000d8500000,0x00000000d8500000)
  from space 5120K, 99% used [0x00000000d8a00000,0x00000000d8ef8040,0x00000000d8f00000)
  to   space 5120K, 0% used [0x00000000d8500000,0x00000000d8500000,0x00000000d8a00000)
 ParOldGen       total 86016K, used 5184K [0x0000000082e00000, 0x0000000088200000, 0x00000000d6500000)
  object space 86016K, 6% used [0x0000000082e00000,0x0000000083310120,0x0000000088200000)
 Metaspace       used 19156K, capacity 19504K, committed 19712K, reserved 1067008K
  class space    used 2307K, capacity 2468K, committed 2560K, reserved 1048576K
Event: 14.441 GC heap after
Heap after GC invocations=5 (full 0):
 PSYoungGen      total 37376K, used 5104K [0x00000000d6500000, 0x00000000d9780000, 0x0000000100000000)
  eden space 32256K, 0% used [0x00000000d6500000,0x00000000d6500000,0x00000000d8480000)
  from space 5120K, 99% used [0x00000000d8500000,0x00000000d89fc050,0x00000000d8a00000)
  to   space 9728K, 0% used [0x00000000d8e00000,0x00000000d8e00000,0x00000000d9780000)
 ParOldGen       total 86016K, used 9248K [0x0000000082e00000, 0x0000000088200000, 0x00000000d6500000)
  object space 86016K, 10% used [0x0000000082e00000,0x0000000083708030,0x0000000088200000)
 Metaspace       used 19156K, capacity 19504K, committed 19712K, reserved 1067008K
  class space    used 2307K, capacity 2468K, committed 2560K, reserved 1048576K
}

