# JRE version: Java(TM) SE Runtime Environment (8.0_25-b17) (build 1.8.0_25-b17)
# Java VM: Java HotSpot(TM) 64-Bit Server VM (25.25-b02 mixed mode linux-amd64 compressed oops)
Heap:
 PSYoungGen      total 136192K, used 2931K [0x00000000d6500000, 0x00000000e8500000, 0x0000000100000000)
  eden space 131072K, 2% used [0x00000000d6500000,0x00000000d67dccb0,0x00000000de500000)
  from space 5120K, 0% used [0x00000000de500000,0x00000000de500000,0x00000000dea00000)
  to   space 16384K, 0% used [0x00000000e7500000,0x00000000e7500000,0x00000000e8500000)
 ParOldGen       total 76288K, used 17467K [0x0000000082e00000, 0x0000000087880000, 0x00000000d6500000)
  object space 76288K, 22% used [0x0000000082e00000,0x0000000083f0ece8,0x0000000087880000)
 Metaspace       used 20998K, capacity 21332K, committed 21552K, reserved 1069056K
  class space    used 2484K, capacity 2628K, committed 2688K, reserved 1048576K
GC Heap History (10 events):
Event: 1.330 GC heap before
{Heap before GC invocations=2 (full 0):
 PSYoungGen      total 37888K, used 37488K [0x00000000d6500000, 0x00000000daf00000, 0x0000000100000000)
  eden space 32768K, 100% used [0x00000000d6500000,0x00000000d8500000,0x00000000d8500000)
  from space 5120K, 92% used [0x00000000d8500000,0x00000000d899c2c0,0x00000000d8a00000)
  to   space 5120K, 0% used [0x00000000daa00000,0x00000000daa00000,0x00000000daf00000)
 ParOldGen       total 86016K, used 16K [0x0000000082e00000, 0x0000000088200000, 0x00000000d6500000)
  object space 86016K, 0% used [0x0000000082e00000,0x0000000082e04000,0x0000000088200000)
 Metaspace       used 11969K, capacity 12148K, committed 12416K, reserved 1060864K
  class space    used 1498K, capacity 1574K, committed 1664K, reserved 1048576K
Event: 1.342 GC heap after
Heap after GC invocations=2 (full 0):
 PSYoungGen      total 70656K, used 5101K [0x00000000d6500000, 0x00000000daf00000, 0x0000000100000000)
  eden space 65536K, 0% used [0x00000000d6500000,0x00000000d6500000,0x00000000da500000)
  from space 5120K, 99% used [0x00000000daa00000,0x00000000daefb708,0x00000000daf00000)
  to   space 5120K, 0% used [0x00000000da500000,0x00000000da500000,0x00000000daa00000)
 ParOldGen       total 86016K, used 1963K [0x0000000082e00000, 0x0000000088200000, 0x00000000d6500000)
  object space 86016K, 2% used [0x0000000082e00000,0x0000000082feac68,0x0000000088200000)
 Metaspace       used 11969K, capacity 12148K, committed 12416K, reserved 1060864K
  class space    used 1498K, capacity 1574K, committed 1664K, reserved 1048576K
}
Event: 2.647 GC heap before
{Heap before GC invocations=3 (full 0):
 PSYoungGen      total 70656K, used 70637K [0x00000000d6500000, 0x00000000daf00000, 0x0000000100000000)
  eden space 65536K, 100% used [0x00000000d6500000,0x00000000da500000,0x00000000da500000)
  from space 5120K, 99% used [0x00000000daa00000,0x00000000daefb708,0x00000000daf00000)
  to   space 5120K, 0% used [0x00000000da500000,0x00000000da500000,0x00000000daa00000)
 ParOldGen       total 86016K, used 1963K [0x0000000082e00000, 0x0000000088200000, 0x00000000d6500000)
  object space 86016K, 2% used [0x0000000082e00000,0x0000000082feac68,0x0000000088200000)
 Metaspace       used 14602K, capacity 14826K, committed 14976K, reserved 1062912K
  class space    used 1752K, capacity 1843K, committed 1920K, reserved 1048576K
Event: 2.670 GC heap after
Heap after GC invocations=3 (full 0):
 PSYoungGen      total 70656K, used 5104K [0x00000000d6500000, 0x00000000def00000, 0x0000000100000000)
  eden space 65536K, 0% used [0x00000000d6500000,0x00000000d6500000,0x00000000da500000)
  from space 5120K, 99% used [0x00000000da500000,0x00000000da9fc010,0x00000000daa00000)
  to   space 5120K, 0% used [0x00000000dea00000,0x00000000dea00000,0x00000000def00000)
 ParOldGen       total 86016K, used 5255K [0x0000000082e00000, 0x0000000088200000, 0x00000000d6500000)
  object space 86016K, 6% used [0x0000000082e00000,0x0000000083321fb0,0x0000000088200000)
 Metaspace       used 14602K, capacity 14826K, committed 14976K, reserved 1062912K
  class space    used 1752K, capacity 1843K, committed 1920K, reserved 1048576K
}
Event: 3.810 GC heap before
{Heap before GC invocations=4 (full 0):
 PSYoungGen      total 70656K, used 70640K [0x00000000d6500000, 0x00000000def00000, 0x0000000100000000)
  eden space 65536K, 100% used [0x00000000d6500000,0x00000000da500000,0x00000000da500000)
  from space 5120K, 99% used [0x00000000da500000,0x00000000da9fc010,0x00000000daa00000)
  to   space 5120K, 0% used [0x00000000dea00000,0x00000000dea00000,0x00000000def00000)
 ParOldGen       total 86016K, used 5255K [0x0000000082e00000, 0x0000000088200000, 0x00000000d6500000)
  object space 86016K, 6% used [0x0000000082e00000,0x0000000083321fb0,0x0000000088200000)
 Metaspace       used 19983K, capacity 20276K, committed 20480K, reserved 1067008K
  class space    used 2375K, capacity 2532K, committed 2560K, reserved 1048576K
Event: 3.865 GC heap after
Heap after GC invocations=4 (full 0):
 PSYoungGen      total 136192K, used 5104K [0x00000000d6500000, 0x00000000def00000, 0x0000000100000000)
  eden space 131072K, 0% used [0x00000000d6500000,0x00000000d6500000,0x00000000de500000)
  from space 5120K, 99% used [0x00000000dea00000,0x00000000deefc010,0x00000000def00000)
  to   space 5120K, 0% used [0x00000000de500000,0x00000000de500000,0x00000000dea00000)
 ParOldGen       total 86016K, used 16855K [0x0000000082e00000, 0x0000000088200000, 0x00000000d6500000)
  object space 86016K, 19% used [0x0000000082e00000,0x0000000083e75dd8,0x0000000088200000)
 Metaspace       used 19983K, capacity 20276K, committed 20480K, reserved 1067008K
  class space    used 2375K, capacity 2532K, committed 2560K, reserved 1048576K
}
Event: 4.270 GC heap before
{Heap before GC invocations=5 (full 0):
 PSYoungGen      total 136192K, used 15749K [0x00000000d6500000, 0x00000000def00000, 0x0000000100000000)
  eden space 131072K, 8% used [0x00000000d6500000,0x00000000d6f657a8,0x00000000de500000)
  from space 5120K, 99% used [0x00000000dea00000,0x00000000deefc010,0x00000000def00000)
  to   space 5120K, 0% used [0x00000000de500000,0x00000000de500000,0x00000000dea00000)
 ParOldGen       total 86016K, used 16855K [0x0000000082e00000, 0x0000000088200000, 0x00000000d6500000)
  object space 86016K, 19% used [0x0000000082e00000,0x0000000083e75dd8,0x0000000088200000)
 Metaspace       used 20844K, capacity 21108K, committed 21296K, reserved 1069056K
  class space    used 2467K, capacity 2596K, committed 2688K, reserved 1048576K
Event: 4.298 GC heap after
Heap after GC invocations=5 (full 0):
 PSYoungGen      total 136192K, used 5104K [0x00000000d6500000, 0x00000000e8500000, 0x0000000100000000)
  eden space 131072K, 0% used [0x00000000d6500000,0x00000000d6500000,0x00000000de500000)
  from space 5120K, 99% used [0x00000000de500000,0x00000000de9fc010,0x00000000dea00000)
  to   space 16384K, 0% used [0x00000000e7500000,0x00000000e7500000,0x00000000e8500000)
 ParOldGen       total 86016K, used 17580K [0x0000000082e00000, 0x0000000088200000, 0x00000000d6500000)
  object space 86016K, 20% used [0x0000000082e00000,0x0000000083f2b1c0,0x0000000088200000)
 Metaspace       used 20844K, capacity 21108K, committed 21296K, reserved 1069056K
  class space    used 2467K, capacity 2596K, committed 2688K, reserved 1048576K
}
Event: 4.298 GC heap before
{Heap before GC invocations=6 (full 1):
 PSYoungGen      total 136192K, used 5104K [0x00000000d6500000, 0x00000000e8500000, 0x0000000100000000)
  eden space 131072K, 0% used [0x00000000d6500000,0x00000000d6500000,0x00000000de500000)
  from space 5120K, 99% used [0x00000000de500000,0x00000000de9fc010,0x00000000dea00000)
  to   space 16384K, 0% used [0x00000000e7500000,0x00000000e7500000,0x00000000e8500000)
 ParOldGen       total 86016K, used 17580K [0x0000000082e00000, 0x0000000088200000, 0x00000000d6500000)
  object space 86016K, 20% used [0x0000000082e00000,0x0000000083f2b1c0,0x0000000088200000)
 Metaspace       used 20844K, capacity 21108K, committed 21296K, reserved 1069056K
  class space    used 2467K, capacity 2596K, committed 2688K, reserved 1048576K
Event: 4.405 GC heap after
Heap after GC invocations=6 (full 1):
 PSYoungGen      total 136192K, used 0K [0x00000000d6500000, 0x00000000e8500000, 0x0000000100000000)
  eden space 131072K, 0% used [0x00000000d6500000,0x00000000d6500000,0x00000000de500000)
  from space 5120K, 0% used [0x00000000de500000,0x00000000de500000,0x00000000dea00000)
  to   space 16384K, 0% used [0x00000000e7500000,0x00000000e7500000,0x00000000e8500000)
 ParOldGen       total 76288K, used 17467K [0x0000000082e00000, 0x0000000087880000, 0x00000000d6500000)
  object space 76288K, 22% used [0x0000000082e00000,0x0000000083f0ece8,0x0000000087880000)
 Metaspace       used 20844K, capacity 21108K, committed 21296K, reserved 1069056K
  class space    used 2467K, capacity 2596K, committed 2688K, reserved 1048576K
}

