# JRE version: Java(TM) SE Runtime Environment (8.0_25-b17) (build 1.8.0_25-b17)
# Java VM: Java HotSpot(TM) 64-Bit Server VM (25.25-b02 mixed mode linux-amd64 compressed oops)
Heap:
 PSYoungGen      total 568832K, used 160533K [0x00000000d5580000, 0x00000000fce80000, 0x0000000100000000)
  eden space 567296K, 28% used [0x00000000d5580000,0x00000000df2457c0,0x00000000f7f80000)
  from space 1536K, 0% used [0x00000000f7f80000,0x00000000f7f80000,0x00000000f8100000)
  to   space 40448K, 0% used [0x00000000fa700000,0x00000000fa700000,0x00000000fce80000)
 ParOldGen       total 398336K, used 216729K [0x0000000080000000, 0x0000000098500000, 0x00000000d5580000)
  object space 398336K, 54% used [0x0000000080000000,0x000000008d3a6788,0x0000000098500000)
 Metaspace       used 120604K, capacity 127296K, committed 127424K, reserved 1161216K
  class space    used 14429K, capacity 16548K, committed 16616K, reserved 1048576K
GC Heap History (10 events):
Event: 1188.002 GC heap before
{Heap before GC invocations=56 (full 23):
 PSYoungGen      total 567808K, used 128K [0x00000000d5580000, 0x00000000fd980000, 0x0000000100000000)
  eden space 567296K, 0% used [0x00000000d5580000,0x00000000d5580000,0x00000000f7f80000)
  from space 512K, 25% used [0x00000000f7f80000,0x00000000f7fa0000,0x00000000f8000000)
  to   space 46080K, 0% used [0x00000000fac80000,0x00000000fac80000,0x00000000fd980000)
 ParOldGen       total 398336K, used 216657K [0x0000000080000000, 0x0000000098500000, 0x00000000d5580000)
  object space 398336K, 54% used [0x0000000080000000,0x000000008d3947f0,0x0000000098500000)
 Metaspace       used 119429K, capacity 126144K, committed 126272K, reserved 1159168K
  class space    used 14344K, capacity 16484K, committed 16488K, reserved 1048576K
Event: 1188.512 GC heap after
Heap after GC invocations=56 (full 23):
 PSYoungGen      total 567808K, used 0K [0x00000000d5580000, 0x00000000fd980000, 0x0000000100000000)
  eden space 567296K, 0% used [0x00000000d5580000,0x00000000d5580000,0x00000000f7f80000)
  from space 512K, 0% used [0x00000000f7f80000,0x00000000f7f80000,0x00000000f8000000)
  to   space 46080K, 0% used [0x00000000fac80000,0x00000000fac80000,0x00000000fd980000)
 ParOldGen       total 398336K, used 216583K [0x0000000080000000, 0x0000000098500000, 0x00000000d5580000)
  object space 398336K, 54% used [0x0000000080000000,0x000000008d381da8,0x0000000098500000)
 Metaspace       used 119429K, capacity 126144K, committed 126272K, reserved 1159168K
  class space    used 14344K, capacity 16484K, committed 16488K, reserved 1048576K
}
Event: 1247.994 GC heap before
{Heap before GC invocations=57 (full 23):
 PSYoungGen      total 567808K, used 18741K [0x00000000d5580000, 0x00000000fd980000, 0x0000000100000000)
  eden space 567296K, 3% used [0x00000000d5580000,0x00000000d67cd418,0x00000000f7f80000)
  from space 512K, 0% used [0x00000000f7f80000,0x00000000f7f80000,0x00000000f8000000)
  to   space 46080K, 0% used [0x00000000fac80000,0x00000000fac80000,0x00000000fd980000)
 ParOldGen       total 398336K, used 216583K [0x0000000080000000, 0x0000000098500000, 0x00000000d5580000)
  object space 398336K, 54% used [0x0000000080000000,0x000000008d381da8,0x0000000098500000)
 Metaspace       used 119442K, capacity 126144K, committed 126272K, reserved 1159168K
  class space    used 14344K, capacity 16484K, committed 16488K, reserved 1048576K
Event: 1248.000 GC heap after
Heap after GC invocations=57 (full 23):
 PSYoungGen      total 608256K, used 480K [0x00000000d5580000, 0x00000000fd480000, 0x0000000100000000)
  eden space 567296K, 0% used [0x00000000d5580000,0x00000000d5580000,0x00000000f7f80000)
  from space 40960K, 1% used [0x00000000fac80000,0x00000000facf8000,0x00000000fd480000)
  to   space 43520K, 0% used [0x00000000f7f80000,0x00000000f7f80000,0x00000000faa00000)
 ParOldGen       total 398336K, used 216583K [0x0000000080000000, 0x0000000098500000, 0x00000000d5580000)
  object space 398336K, 54% used [0x0000000080000000,0x000000008d381da8,0x0000000098500000)
 Metaspace       used 119442K, capacity 126144K, committed 126272K, reserved 1159168K
  class space    used 14344K, capacity 16484K, committed 16488K, reserved 1048576K
}
Event: 1248.000 GC heap before
{Heap before GC invocations=58 (full 24):
 PSYoungGen      total 608256K, used 480K [0x00000000d5580000, 0x00000000fd480000, 0x0000000100000000)
  eden space 567296K, 0% used [0x00000000d5580000,0x00000000d5580000,0x00000000f7f80000)
  from space 40960K, 1% used [0x00000000fac80000,0x00000000facf8000,0x00000000fd480000)
  to   space 43520K, 0% used [0x00000000f7f80000,0x00000000f7f80000,0x00000000faa00000)
 ParOldGen       total 398336K, used 216583K [0x0000000080000000, 0x0000000098500000, 0x00000000d5580000)
  object space 398336K, 54% used [0x0000000080000000,0x000000008d381da8,0x0000000098500000)
 Metaspace       used 119442K, capacity 126144K, committed 126272K, reserved 1159168K
  class space    used 14344K, capacity 16484K, committed 16488K, reserved 1048576K
Event: 1248.506 GC heap after
Heap after GC invocations=58 (full 24):
 PSYoungGen      total 608256K, used 0K [0x00000000d5580000, 0x00000000fd480000, 0x0000000100000000)
  eden space 567296K, 0% used [0x00000000d5580000,0x00000000d5580000,0x00000000f7f80000)
  from space 40960K, 0% used [0x00000000fac80000,0x00000000fac80000,0x00000000fd480000)
  to   space 43520K, 0% used [0x00000000f7f80000,0x00000000f7f80000,0x00000000faa00000)
 ParOldGen       total 398336K, used 216733K [0x0000000080000000, 0x0000000098500000, 0x00000000d5580000)
  object space 398336K, 54% used [0x0000000080000000,0x000000008d3a7778,0x0000000098500000)
 Metaspace       used 119442K, capacity 126144K, committed 126272K, reserved 1159168K
  class space    used 14344K, capacity 16484K, committed 16488K, reserved 1048576K
}
Event: 1315.884 GC heap before
{Heap before GC invocations=59 (full 24):
 PSYoungGen      total 608256K, used 40381K [0x00000000d5580000, 0x00000000fd480000, 0x0000000100000000)
  eden space 567296K, 7% used [0x00000000d5580000,0x00000000d7cef500,0x00000000f7f80000)
  from space 40960K, 0% used [0x00000000fac80000,0x00000000fac80000,0x00000000fd480000)
  to   space 43520K, 0% used [0x00000000f7f80000,0x00000000f7f80000,0x00000000faa00000)
 ParOldGen       total 398336K, used 216733K [0x0000000080000000, 0x0000000098500000, 0x00000000d5580000)
  object space 398336K, 54% used [0x0000000080000000,0x000000008d3a7778,0x0000000098500000)
 Metaspace       used 119608K, capacity 126272K, committed 126528K, reserved 1159168K
  class space    used 14350K, capacity 16484K, committed 16488K, reserved 1048576K
Event: 1315.892 GC heap after
Heap after GC invocations=59 (full 24):
 PSYoungGen      total 568832K, used 1376K [0x00000000d5580000, 0x00000000fce80000, 0x0000000100000000)
  eden space 567296K, 0% used [0x00000000d5580000,0x00000000d5580000,0x00000000f7f80000)
  from space 1536K, 89% used [0x00000000f7f80000,0x00000000f80d8020,0x00000000f8100000)
  to   space 40448K, 0% used [0x00000000fa700000,0x00000000fa700000,0x00000000fce80000)
 ParOldGen       total 398336K, used 216741K [0x0000000080000000, 0x0000000098500000, 0x00000000d5580000)
  object space 398336K, 54% used [0x0000000080000000,0x000000008d3a9778,0x0000000098500000)
 Metaspace       used 119608K, capacity 126272K, committed 126528K, reserved 1159168K
  class space    used 14350K, capacity 16484K, committed 16488K, reserved 1048576K
}
Event: 1315.892 GC heap before
{Heap before GC invocations=60 (full 25):
 PSYoungGen      total 568832K, used 1376K [0x00000000d5580000, 0x00000000fce80000, 0x0000000100000000)
  eden space 567296K, 0% used [0x00000000d5580000,0x00000000d5580000,0x00000000f7f80000)
  from space 1536K, 89% used [0x00000000f7f80000,0x00000000f80d8020,0x00000000f8100000)
  to   space 40448K, 0% used [0x00000000fa700000,0x00000000fa700000,0x00000000fce80000)
 ParOldGen       total 398336K, used 216741K [0x0000000080000000, 0x0000000098500000, 0x00000000d5580000)
  object space 398336K, 54% used [0x0000000080000000,0x000000008d3a9778,0x0000000098500000)
 Metaspace       used 119608K, capacity 126272K, committed 126528K, reserved 1159168K
  class space    used 14350K, capacity 16484K, committed 16488K, reserved 1048576K
Event: 1316.575 GC heap after
Heap after GC invocations=60 (full 25):
 PSYoungGen      total 568832K, used 0K [0x00000000d5580000, 0x00000000fce80000, 0x0000000100000000)
  eden space 567296K, 0% used [0x00000000d5580000,0x00000000d5580000,0x00000000f7f80000)
  from space 1536K, 0% used [0x00000000f7f80000,0x00000000f7f80000,0x00000000f8100000)
  to   space 40448K, 0% used [0x00000000fa700000,0x00000000fa700000,0x00000000fce80000)
 ParOldGen       total 398336K, used 216729K [0x0000000080000000, 0x0000000098500000, 0x00000000d5580000)
  object space 398336K, 54% used [0x0000000080000000,0x000000008d3a6788,0x0000000098500000)
 Metaspace       used 119608K, capacity 126272K, committed 126528K, reserved 1159168K
  class space    used 14350K, capacity 16484K, committed 16488K, reserved 1048576K
}

