# JRE version: Java(TM) SE Runtime Environment (8.0_25-b17) (build 1.8.0_25-b17)
# Java VM: Java HotSpot(TM) 64-Bit Server VM (25.25-b02 mixed mode linux-amd64 compressed oops)
Heap:
 PSYoungGen      total 460288K, used 150474K [0x00000000d5580000, 0x00000000fb980000, 0x0000000100000000)
  eden space 394240K, 30% used [0x00000000d5580000,0x00000000dcafc8a8,0x00000000ed680000)
  from space 66048K, 45% used [0x00000000ed680000,0x00000000ef3f5f78,0x00000000f1700000)
  to   space 62976K, 0% used [0x00000000f7c00000,0x00000000f7c00000,0x00000000fb980000)
 ParOldGen       total 304128K, used 136643K [0x0000000080000000, 0x0000000092900000, 0x00000000d5580000)
  object space 304128K, 44% used [0x0000000080000000,0x0000000088570e18,0x0000000092900000)
 Metaspace       used 72135K, capacity 76898K, committed 77056K, reserved 1116160K
  class space    used 9352K, capacity 10953K, committed 11008K, reserved 1048576K
GC Heap History (10 events):
Event: 11.699 GC heap before
{Heap before GC invocations=8 (full 2):
 PSYoungGen      total 317440K, used 27564K [0x00000000d5580000, 0x00000000ef000000, 0x0000000100000000)
  eden space 273408K, 0% used [0x00000000d5580000,0x00000000d5580000,0x00000000e6080000)
  from space 44032K, 62% used [0x00000000e8a80000,0x00000000ea56b080,0x00000000eb580000)
  to   space 43008K, 0% used [0x00000000e6080000,0x00000000e6080000,0x00000000e8a80000)
 ParOldGen       total 136704K, used 71820K [0x0000000080000000, 0x0000000088580000, 0x00000000d5580000)
  object space 136704K, 52% used [0x0000000080000000,0x0000000084623138,0x0000000088580000)
 Metaspace       used 32785K, capacity 35306K, committed 35456K, reserved 1081344K
  class space    used 3611K, capacity 4379K, committed 4480K, reserved 1048576K
Event: 11.957 GC heap after
Heap after GC invocations=8 (full 2):
 PSYoungGen      total 317440K, used 0K [0x00000000d5580000, 0x00000000ef000000, 0x0000000100000000)
  eden space 273408K, 0% used [0x00000000d5580000,0x00000000d5580000,0x00000000e6080000)
  from space 44032K, 0% used [0x00000000e8a80000,0x00000000e8a80000,0x00000000eb580000)
  to   space 43008K, 0% used [0x00000000e6080000,0x00000000e6080000,0x00000000e8a80000)
 ParOldGen       total 220160K, used 82815K [0x0000000080000000, 0x000000008d700000, 0x00000000d5580000)
  object space 220160K, 37% used [0x0000000080000000,0x00000000850dfff8,0x000000008d700000)
 Metaspace       used 32785K, capacity 35306K, committed 35456K, reserved 1081344K
  class space    used 3611K, capacity 4379K, committed 4480K, reserved 1048576K
}
Event: 18.780 GC heap before
{Heap before GC invocations=9 (full 2):
 PSYoungGen      total 317440K, used 273408K [0x00000000d5580000, 0x00000000ef000000, 0x0000000100000000)
  eden space 273408K, 100% used [0x00000000d5580000,0x00000000e6080000,0x00000000e6080000)
  from space 44032K, 0% used [0x00000000e8a80000,0x00000000e8a80000,0x00000000eb580000)
  to   space 43008K, 0% used [0x00000000e6080000,0x00000000e6080000,0x00000000e8a80000)
 ParOldGen       total 220160K, used 82815K [0x0000000080000000, 0x000000008d700000, 0x00000000d5580000)
  object space 220160K, 37% used [0x0000000080000000,0x00000000850dfff8,0x000000008d700000)
 Metaspace       used 45146K, capacity 48888K, committed 49024K, reserved 1091584K
  class space    used 5164K, capacity 6487K, committed 6528K, reserved 1048576K
Event: 18.854 GC heap after
Heap after GC invocations=9 (full 2):
 PSYoungGen      total 316416K, used 43001K [0x00000000d5580000, 0x00000000f4900000, 0x0000000100000000)
  eden space 273408K, 0% used [0x00000000d5580000,0x00000000d5580000,0x00000000e6080000)
  from space 43008K, 99% used [0x00000000e6080000,0x00000000e8a7e510,0x00000000e8a80000)
  to   space 51200K, 0% used [0x00000000f1700000,0x00000000f1700000,0x00000000f4900000)
 ParOldGen       total 220160K, used 85866K [0x0000000080000000, 0x000000008d700000, 0x00000000d5580000)
  object space 220160K, 39% used [0x0000000080000000,0x00000000853da910,0x000000008d700000)
 Metaspace       used 45146K, capacity 48888K, committed 49024K, reserved 1091584K
  class space    used 5164K, capacity 6487K, committed 6528K, reserved 1048576K
}
Event: 20.662 GC heap before
{Heap before GC invocations=10 (full 2):
 PSYoungGen      total 316416K, used 268082K [0x00000000d5580000, 0x00000000f4900000, 0x0000000100000000)
  eden space 273408K, 82% used [0x00000000d5580000,0x00000000e314e588,0x00000000e6080000)
  from space 43008K, 99% used [0x00000000e6080000,0x00000000e8a7e510,0x00000000e8a80000)
  to   space 51200K, 0% used [0x00000000f1700000,0x00000000f1700000,0x00000000f4900000)
 ParOldGen       total 220160K, used 85866K [0x0000000080000000, 0x000000008d700000, 0x00000000d5580000)
  object space 220160K, 39% used [0x0000000080000000,0x00000000853da910,0x000000008d700000)
 Metaspace       used 54926K, capacity 58960K, committed 59096K, reserved 1099776K
  class space    used 6802K, capacity 8210K, committed 8320K, reserved 1048576K
Event: 20.782 GC heap after
Heap after GC invocations=10 (full 2):
 PSYoungGen      total 445440K, used 51168K [0x00000000d5580000, 0x00000000f7380000, 0x0000000100000000)
  eden space 394240K, 0% used [0x00000000d5580000,0x00000000d5580000,0x00000000ed680000)
  from space 51200K, 99% used [0x00000000f1700000,0x00000000f48f8138,0x00000000f4900000)
  to   space 66048K, 0% used [0x00000000ed680000,0x00000000ed680000,0x00000000f1700000)
 ParOldGen       total 220160K, used 102262K [0x0000000080000000, 0x000000008d700000, 0x00000000d5580000)
  object space 220160K, 46% used [0x0000000080000000,0x00000000863dd978,0x000000008d700000)
 Metaspace       used 54926K, capacity 58960K, committed 59096K, reserved 1099776K
  class space    used 6802K, capacity 8210K, committed 8320K, reserved 1048576K
}
Event: 20.782 GC heap before
{Heap before GC invocations=11 (full 3):
 PSYoungGen      total 445440K, used 51168K [0x00000000d5580000, 0x00000000f7380000, 0x0000000100000000)
  eden space 394240K, 0% used [0x00000000d5580000,0x00000000d5580000,0x00000000ed680000)
  from space 51200K, 99% used [0x00000000f1700000,0x00000000f48f8138,0x00000000f4900000)
  to   space 66048K, 0% used [0x00000000ed680000,0x00000000ed680000,0x00000000f1700000)
 ParOldGen       total 220160K, used 102262K [0x0000000080000000, 0x000000008d700000, 0x00000000d5580000)
  object space 220160K, 46% used [0x0000000080000000,0x00000000863dd978,0x000000008d700000)
 Metaspace       used 54926K, capacity 58960K, committed 59096K, reserved 1099776K
  class space    used 6802K, capacity 8210K, committed 8320K, reserved 1048576K
Event: 21.369 GC heap after
Heap after GC invocations=11 (full 3):
 PSYoungGen      total 445440K, used 0K [0x00000000d5580000, 0x00000000f7380000, 0x0000000100000000)
  eden space 394240K, 0% used [0x00000000d5580000,0x00000000d5580000,0x00000000ed680000)
  from space 51200K, 0% used [0x00000000f1700000,0x00000000f1700000,0x00000000f4900000)
  to   space 66048K, 0% used [0x00000000ed680000,0x00000000ed680000,0x00000000f1700000)
 ParOldGen       total 304128K, used 136635K [0x0000000080000000, 0x0000000092900000, 0x00000000d5580000)
  object space 304128K, 44% used [0x0000000080000000,0x000000008856ee18,0x0000000092900000)
 Metaspace       used 54926K, capacity 58960K, committed 59096K, reserved 1099776K
  class space    used 6802K, capacity 8210K, committed 8320K, reserved 1048576K
}
Event: 25.173 GC heap before
{Heap before GC invocations=12 (full 3):
 PSYoungGen      total 445440K, used 394240K [0x00000000d5580000, 0x00000000f7380000, 0x0000000100000000)
  eden space 394240K, 100% used [0x00000000d5580000,0x00000000ed680000,0x00000000ed680000)
  from space 51200K, 0% used [0x00000000f1700000,0x00000000f1700000,0x00000000f4900000)
  to   space 66048K, 0% used [0x00000000ed680000,0x00000000ed680000,0x00000000f1700000)
 ParOldGen       total 304128K, used 136635K [0x0000000080000000, 0x0000000092900000, 0x00000000d5580000)
  object space 304128K, 44% used [0x0000000080000000,0x000000008856ee18,0x0000000092900000)
 Metaspace       used 68637K, capacity 72880K, committed 73216K, reserved 1112064K
  class space    used 8904K, capacity 10379K, committed 10496K, reserved 1048576K
Event: 25.259 GC heap after
Heap after GC invocations=12 (full 3):
 PSYoungGen      total 460288K, used 30167K [0x00000000d5580000, 0x00000000fb980000, 0x0000000100000000)
  eden space 394240K, 0% used [0x00000000d5580000,0x00000000d5580000,0x00000000ed680000)
  from space 66048K, 45% used [0x00000000ed680000,0x00000000ef3f5f78,0x00000000f1700000)
  to   space 62976K, 0% used [0x00000000f7c00000,0x00000000f7c00000,0x00000000fb980000)
 ParOldGen       total 304128K, used 136643K [0x0000000080000000, 0x0000000092900000, 0x00000000d5580000)
  object space 304128K, 44% used [0x0000000080000000,0x0000000088570e18,0x0000000092900000)
 Metaspace       used 68637K, capacity 72880K, committed 73216K, reserved 1112064K
  class space    used 8904K, capacity 10379K, committed 10496K, reserved 1048576K
}

