# JRE version: Java(TM) SE Runtime Environment (8.0_25-b17) (build 1.8.0_25-b17)
# Java VM: Java HotSpot(TM) 64-Bit Server VM (25.25-b02 mixed mode linux-amd64 compressed oops)
Heap:
 PSYoungGen      total 613376K, used 31106K [0x00000000d5580000, 0x0000000100000000, 0x0000000100000000)
  eden space 527872K, 5% used [0x00000000d5580000,0x00000000d73e0b28,0x00000000f5900000)
  from space 85504K, 0% used [0x00000000f5900000,0x00000000f5900000,0x00000000fac80000)
  to   space 84480K, 0% used [0x00000000fad80000,0x00000000fad80000,0x0000000100000000)
 ParOldGen       total 380928K, used 219949K [0x0000000080000000, 0x0000000097400000, 0x00000000d5580000)
  object space 380928K, 57% used [0x0000000080000000,0x000000008d6cb570,0x0000000097400000)
 Metaspace       used 107987K, capacity 114164K, committed 114304K, reserved 1148928K
  class space    used 13332K, capacity 15420K, committed 15488K, reserved 1048576K
GC Heap History (10 events):
Event: 169.007 GC heap before
{Heap before GC invocations=19 (full 6):
 PSYoungGen      total 611328K, used 9417K [0x00000000d5580000, 0x0000000100000000, 0x0000000100000000)
  eden space 528384K, 0% used [0x00000000d5580000,0x00000000d5580000,0x00000000f5980000)
  from space 82944K, 11% used [0x00000000f5980000,0x00000000f62b26d8,0x00000000faa80000)
  to   space 83968K, 0% used [0x00000000fae00000,0x00000000fae00000,0x0000000100000000)
 ParOldGen       total 380928K, used 211922K [0x0000000080000000, 0x0000000097400000, 0x00000000d5580000)
  object space 380928K, 55% used [0x0000000080000000,0x000000008cef4950,0x0000000097400000)
 Metaspace       used 105965K, capacity 112128K, committed 112384K, reserved 1146880K
  class space    used 13208K, capacity 15319K, committed 15360K, reserved 1048576K
Event: 169.991 GC heap after
Heap after GC invocations=19 (full 6):
 PSYoungGen      total 611328K, used 0K [0x00000000d5580000, 0x0000000100000000, 0x0000000100000000)
  eden space 528384K, 0% used [0x00000000d5580000,0x00000000d5580000,0x00000000f5980000)
  from space 82944K, 0% used [0x00000000f5980000,0x00000000f5980000,0x00000000faa80000)
  to   space 83968K, 0% used [0x00000000fae00000,0x00000000fae00000,0x0000000100000000)
 ParOldGen       total 380928K, used 214968K [0x0000000080000000, 0x0000000097400000, 0x00000000d5580000)
  object space 380928K, 56% used [0x0000000080000000,0x000000008d1ee068,0x0000000097400000)
 Metaspace       used 105965K, capacity 112128K, committed 112384K, reserved 1146880K
  class space    used 13208K, capacity 15319K, committed 15360K, reserved 1048576K
}
Event: 229.351 GC heap before
{Heap before GC invocations=20 (full 6):
 PSYoungGen      total 611328K, used 46226K [0x00000000d5580000, 0x0000000100000000, 0x0000000100000000)
  eden space 528384K, 8% used [0x00000000d5580000,0x00000000d82a4a90,0x00000000f5980000)
  from space 82944K, 0% used [0x00000000f5980000,0x00000000f5980000,0x00000000faa80000)
  to   space 83968K, 0% used [0x00000000fae00000,0x00000000fae00000,0x0000000100000000)
 ParOldGen       total 380928K, used 214968K [0x0000000080000000, 0x0000000097400000, 0x00000000d5580000)
  object space 380928K, 56% used [0x0000000080000000,0x000000008d1ee068,0x0000000097400000)
 Metaspace       used 106365K, capacity 112448K, committed 112640K, reserved 1146880K
  class space    used 13220K, capacity 15319K, committed 15360K, reserved 1048576K
Event: 229.359 GC heap after
Heap after GC invocations=20 (full 6):
 PSYoungGen      total 611840K, used 1024K [0x00000000d5580000, 0x0000000100000000, 0x0000000100000000)
  eden space 527872K, 0% used [0x00000000d5580000,0x00000000d5580000,0x00000000f5900000)
  from space 83968K, 1% used [0x00000000fae00000,0x00000000faf00158,0x0000000100000000)
  to   space 85504K, 0% used [0x00000000f5900000,0x00000000f5900000,0x00000000fac80000)
 ParOldGen       total 380928K, used 214968K [0x0000000080000000, 0x0000000097400000, 0x00000000d5580000)
  object space 380928K, 56% used [0x0000000080000000,0x000000008d1ee068,0x0000000097400000)
 Metaspace       used 106365K, capacity 112448K, committed 112640K, reserved 1146880K
  class space    used 13220K, capacity 15319K, committed 15360K, reserved 1048576K
}
Event: 229.359 GC heap before
{Heap before GC invocations=21 (full 7):
 PSYoungGen      total 611840K, used 1024K [0x00000000d5580000, 0x0000000100000000, 0x0000000100000000)
  eden space 527872K, 0% used [0x00000000d5580000,0x00000000d5580000,0x00000000f5900000)
  from space 83968K, 1% used [0x00000000fae00000,0x00000000faf00158,0x0000000100000000)
  to   space 85504K, 0% used [0x00000000f5900000,0x00000000f5900000,0x00000000fac80000)
 ParOldGen       total 380928K, used 214968K [0x0000000080000000, 0x0000000097400000, 0x00000000d5580000)
  object space 380928K, 56% used [0x0000000080000000,0x000000008d1ee068,0x0000000097400000)
 Metaspace       used 106365K, capacity 112448K, committed 112640K, reserved 1146880K
  class space    used 13220K, capacity 15319K, committed 15360K, reserved 1048576K
Event: 230.147 GC heap after
Heap after GC invocations=21 (full 7):
 PSYoungGen      total 611840K, used 0K [0x00000000d5580000, 0x0000000100000000, 0x0000000100000000)
  eden space 527872K, 0% used [0x00000000d5580000,0x00000000d5580000,0x00000000f5900000)
  from space 83968K, 0% used [0x00000000fae00000,0x00000000fae00000,0x0000000100000000)
  to   space 85504K, 0% used [0x00000000f5900000,0x00000000f5900000,0x00000000fac80000)
 ParOldGen       total 380928K, used 213850K [0x0000000080000000, 0x0000000097400000, 0x00000000d5580000)
  object space 380928K, 56% used [0x0000000080000000,0x000000008d0d6ac8,0x0000000097400000)
 Metaspace       used 106365K, capacity 112448K, committed 112640K, reserved 1146880K
  class space    used 13220K, capacity 15319K, committed 15360K, reserved 1048576K
}
Event: 294.790 GC heap before
{Heap before GC invocations=22 (full 7):
 PSYoungGen      total 611840K, used 166179K [0x00000000d5580000, 0x0000000100000000, 0x0000000100000000)
  eden space 527872K, 31% used [0x00000000d5580000,0x00000000df7c8e98,0x00000000f5900000)
  from space 83968K, 0% used [0x00000000fae00000,0x00000000fae00000,0x0000000100000000)
  to   space 85504K, 0% used [0x00000000f5900000,0x00000000f5900000,0x00000000fac80000)
 ParOldGen       total 380928K, used 213850K [0x0000000080000000, 0x0000000097400000, 0x00000000d5580000)
  object space 380928K, 56% used [0x0000000080000000,0x000000008d0d6ac8,0x0000000097400000)
 Metaspace       used 107733K, capacity 113876K, committed 114048K, reserved 1148928K
  class space    used 13323K, capacity 15388K, committed 15488K, reserved 1048576K
Event: 294.804 GC heap after
Heap after GC invocations=22 (full 7):
 PSYoungGen      total 613376K, used 7381K [0x00000000d5580000, 0x0000000100000000, 0x0000000100000000)
  eden space 527872K, 0% used [0x00000000d5580000,0x00000000d5580000,0x00000000f5900000)
  from space 85504K, 8% used [0x00000000f5900000,0x00000000f6035690,0x00000000fac80000)
  to   space 84480K, 0% used [0x00000000fad80000,0x00000000fad80000,0x0000000100000000)
 ParOldGen       total 380928K, used 213858K [0x0000000080000000, 0x0000000097400000, 0x00000000d5580000)
  object space 380928K, 56% used [0x0000000080000000,0x000000008d0d8ac8,0x0000000097400000)
 Metaspace       used 107733K, capacity 113876K, committed 114048K, reserved 1148928K
  class space    used 13323K, capacity 15388K, committed 15488K, reserved 1048576K
}
Event: 294.804 GC heap before
{Heap before GC invocations=23 (full 8):
 PSYoungGen      total 613376K, used 7381K [0x00000000d5580000, 0x0000000100000000, 0x0000000100000000)
  eden space 527872K, 0% used [0x00000000d5580000,0x00000000d5580000,0x00000000f5900000)
  from space 85504K, 8% used [0x00000000f5900000,0x00000000f6035690,0x00000000fac80000)
  to   space 84480K, 0% used [0x00000000fad80000,0x00000000fad80000,0x0000000100000000)
 ParOldGen       total 380928K, used 213858K [0x0000000080000000, 0x0000000097400000, 0x00000000d5580000)
  object space 380928K, 56% used [0x0000000080000000,0x000000008d0d8ac8,0x0000000097400000)
 Metaspace       used 107733K, capacity 113876K, committed 114048K, reserved 1148928K
  class space    used 13323K, capacity 15388K, committed 15488K, reserved 1048576K
Event: 295.801 GC heap after
Heap after GC invocations=23 (full 8):
 PSYoungGen      total 613376K, used 0K [0x00000000d5580000, 0x0000000100000000, 0x0000000100000000)
  eden space 527872K, 0% used [0x00000000d5580000,0x00000000d5580000,0x00000000f5900000)
  from space 85504K, 0% used [0x00000000f5900000,0x00000000f5900000,0x00000000fac80000)
  to   space 84480K, 0% used [0x00000000fad80000,0x00000000fad80000,0x0000000100000000)
 ParOldGen       total 380928K, used 219949K [0x0000000080000000, 0x0000000097400000, 0x00000000d5580000)
  object space 380928K, 57% used [0x0000000080000000,0x000000008d6cb570,0x0000000097400000)
 Metaspace       used 107733K, capacity 113876K, committed 114048K, reserved 1148928K
  class space    used 13323K, capacity 15388K, committed 15488K, reserved 1048576K
}

