# JRE version: Java(TM) SE Runtime Environment (8.0_25-b17) (build 1.8.0_25-b17)
# Java VM: Java HotSpot(TM) 64-Bit Server VM (25.25-b02 mixed mode linux-amd64 compressed oops)
Heap:
 PSYoungGen      total 37888K, used 21740K [0x00000000d6500000, 0x00000000d8f00000, 0x0000000100000000)
  eden space 32768K, 54% used [0x00000000d6500000,0x00000000d765f1a0,0x00000000d8500000)
  from space 5120K, 77% used [0x00000000d8500000,0x00000000d88dc0f0,0x00000000d8a00000)
  to   space 5120K, 0% used [0x00000000d8a00000,0x00000000d8a00000,0x00000000d8f00000)
 ParOldGen       total 86016K, used 1617K [0x0000000082e00000, 0x0000000088200000, 0x00000000d6500000)
  object space 86016K, 1% used [0x0000000082e00000,0x0000000082f94618,0x0000000088200000)
 Metaspace       used 14970K, capacity 15124K, committed 15360K, reserved 1062912K
  class space    used 1679K, capacity 1726K, committed 1792K, reserved 1048576K
GC Heap History (6 events):
Event: 5.467 GC heap before
{Heap before GC invocations=1 (full 0):
 PSYoungGen      total 37888K, used 32768K [0x00000000d6500000, 0x00000000d8f00000, 0x0000000100000000)
  eden space 32768K, 100% used [0x00000000d6500000,0x00000000d8500000,0x00000000d8500000)
  from space 5120K, 0% used [0x00000000d8a00000,0x00000000d8a00000,0x00000000d8f00000)
  to   space 5120K, 0% used [0x00000000d8500000,0x00000000d8500000,0x00000000d8a00000)
 ParOldGen       total 86016K, used 0K [0x0000000082e00000, 0x0000000088200000, 0x00000000d6500000)
  object space 86016K, 0% used [0x0000000082e00000,0x0000000082e00000,0x0000000088200000)
 Metaspace       used 13356K, capacity 13524K, committed 13696K, reserved 1060864K
  class space    used 1549K, capacity 1598K, committed 1664K, reserved 1048576K
Event: 5.497 GC heap after
Heap after GC invocations=1 (full 0):
 PSYoungGen      total 37888K, used 5091K [0x00000000d6500000, 0x00000000d8f00000, 0x0000000100000000)
  eden space 32768K, 0% used [0x00000000d6500000,0x00000000d6500000,0x00000000d8500000)
  from space 5120K, 99% used [0x00000000d8500000,0x00000000d89f8f38,0x00000000d8a00000)
  to   space 5120K, 0% used [0x00000000d8a00000,0x00000000d8a00000,0x00000000d8f00000)
 ParOldGen       total 86016K, used 1601K [0x0000000082e00000, 0x0000000088200000, 0x00000000d6500000)
  object space 86016K, 1% used [0x0000000082e00000,0x0000000082f90618,0x0000000088200000)
 Metaspace       used 13356K, capacity 13524K, committed 13696K, reserved 1060864K
  class space    used 1549K, capacity 1598K, committed 1664K, reserved 1048576K
}
Event: 767.560 GC heap before
{Heap before GC invocations=2 (full 0):
 PSYoungGen      total 37888K, used 37859K [0x00000000d6500000, 0x00000000d8f00000, 0x0000000100000000)
  eden space 32768K, 100% used [0x00000000d6500000,0x00000000d8500000,0x00000000d8500000)
  from space 5120K, 99% used [0x00000000d8500000,0x00000000d89f8f38,0x00000000d8a00000)
  to   space 5120K, 0% used [0x00000000d8a00000,0x00000000d8a00000,0x00000000d8f00000)
 ParOldGen       total 86016K, used 1601K [0x0000000082e00000, 0x0000000088200000, 0x00000000d6500000)
  object space 86016K, 1% used [0x0000000082e00000,0x0000000082f90618,0x0000000088200000)
 Metaspace       used 14506K, capacity 14676K, committed 14848K, reserved 1062912K
  class space    used 1672K, capacity 1726K, committed 1792K, reserved 1048576K
Event: 767.578 GC heap after
Heap after GC invocations=2 (full 0):
 PSYoungGen      total 37888K, used 4352K [0x00000000d6500000, 0x00000000d8f00000, 0x0000000100000000)
  eden space 32768K, 0% used [0x00000000d6500000,0x00000000d6500000,0x00000000d8500000)
  from space 5120K, 85% used [0x00000000d8a00000,0x00000000d8e40260,0x00000000d8f00000)
  to   space 5120K, 0% used [0x00000000d8500000,0x00000000d8500000,0x00000000d8a00000)
 ParOldGen       total 86016K, used 1609K [0x0000000082e00000, 0x0000000088200000, 0x00000000d6500000)
  object space 86016K, 1% used [0x0000000082e00000,0x0000000082f92618,0x0000000088200000)
 Metaspace       used 14506K, capacity 14676K, committed 14848K, reserved 1062912K
  class space    used 1672K, capacity 1726K, committed 1792K, reserved 1048576K
}
Event: 2430.717 GC heap before
{Heap before GC invocations=3 (full 0):
 PSYoungGen      total 37888K, used 37120K [0x00000000d6500000, 0x00000000d8f00000, 0x0000000100000000)
  eden space 32768K, 100% used [0x00000000d6500000,0x00000000d8500000,0x00000000d8500000)
  from space 5120K, 85% used [0x00000000d8a00000,0x00000000d8e40260,0x00000000d8f00000)
  to   space 5120K, 0% used [0x00000000d8500000,0x00000000d8500000,0x00000000d8a00000)
 ParOldGen       total 86016K, used 1609K [0x0000000082e00000, 0x0000000088200000, 0x00000000d6500000)
  object space 86016K, 1% used [0x0000000082e00000,0x0000000082f92618,0x0000000088200000)
 Metaspace       used 14876K, capacity 15060K, committed 15360K, reserved 1062912K
  class space    used 1676K, capacity 1726K, committed 1792K, reserved 1048576K
Event: 2430.735 GC heap after
Heap after GC invocations=3 (full 0):
 PSYoungGen      total 37888K, used 3952K [0x00000000d6500000, 0x00000000d8f00000, 0x0000000100000000)
  eden space 32768K, 0% used [0x00000000d6500000,0x00000000d6500000,0x00000000d8500000)
  from space 5120K, 77% used [0x00000000d8500000,0x00000000d88dc0f0,0x00000000d8a00000)
  to   space 5120K, 0% used [0x00000000d8a00000,0x00000000d8a00000,0x00000000d8f00000)
 ParOldGen       total 86016K, used 1617K [0x0000000082e00000, 0x0000000088200000, 0x00000000d6500000)
  object space 86016K, 1% used [0x0000000082e00000,0x0000000082f94618,0x0000000088200000)
 Metaspace       used 14876K, capacity 15060K, committed 15360K, reserved 1062912K
  class space    used 1676K, capacity 1726K, committed 1792K, reserved 1048576K
}

