# JRE version: Java(TM) SE Runtime Environment (8.0_25-b17) (build 1.8.0_25-b17)
# Java VM: Java HotSpot(TM) 64-Bit Server VM (25.25-b02 mixed mode linux-amd64 compressed oops)
Heap:
 PSYoungGen      total 606720K, used 91957K [0x00000000d5580000, 0x0000000100000000, 0x0000000100000000)
  eden space 532992K, 17% used [0x00000000d5580000,0x00000000daf4d758,0x00000000f5e00000)
  from space 73728K, 0% used [0x00000000fb800000,0x00000000fb800000,0x0000000100000000)
  to   space 82944K, 0% used [0x00000000f5e00000,0x00000000f5e00000,0x00000000faf00000)
 ParOldGen       total 393728K, used 187242K [0x0000000080000000, 0x0000000098080000, 0x00000000d5580000)
  object space 393728K, 47% used [0x0000000080000000,0x000000008b6daa00,0x0000000098080000)
 Metaspace       used 93705K, capacity 99682K, committed 99904K, reserved 1134592K
  class space    used 12172K, capacity 14232K, committed 14296K, reserved 1048576K
GC Heap History (10 events):
Event: 18.345 GC heap before
{Heap before GC invocations=12 (full 3):
 PSYoungGen      total 400896K, used 54762K [0x00000000d5580000, 0x00000000fac80000, 0x0000000100000000)
  eden space 346112K, 0% used [0x00000000d5580000,0x00000000d5580000,0x00000000ea780000)
  from space 54784K, 99% used [0x00000000ea780000,0x00000000edcfa8c8,0x00000000edd00000)
  to   space 62464K, 0% used [0x00000000f6f80000,0x00000000f6f80000,0x00000000fac80000)
 ParOldGen       total 216064K, used 83148K [0x0000000080000000, 0x000000008d300000, 0x00000000d5580000)
  object space 216064K, 38% used [0x0000000080000000,0x00000000851332f8,0x000000008d300000)
 Metaspace       used 54866K, capacity 58988K, committed 59096K, reserved 1099776K
  class space    used 6487K, capacity 8110K, committed 8152K, reserved 1048576K
Event: 19.157 GC heap after
Heap after GC invocations=12 (full 3):
 PSYoungGen      total 400896K, used 0K [0x00000000d5580000, 0x00000000fac80000, 0x0000000100000000)
  eden space 346112K, 0% used [0x00000000d5580000,0x00000000d5580000,0x00000000ea780000)
  from space 54784K, 0% used [0x00000000ea780000,0x00000000ea780000,0x00000000edd00000)
  to   space 62464K, 0% used [0x00000000f6f80000,0x00000000f6f80000,0x00000000fac80000)
 ParOldGen       total 289792K, used 124123K [0x0000000080000000, 0x0000000091b00000, 0x00000000d5580000)
  object space 289792K, 42% used [0x0000000080000000,0x0000000087936fa0,0x0000000091b00000)
 Metaspace       used 54866K, capacity 58988K, committed 59096K, reserved 1099776K
  class space    used 6487K, capacity 8110K, committed 8152K, reserved 1048576K
}
Event: 23.310 GC heap before
{Heap before GC invocations=13 (full 3):
 PSYoungGen      total 400896K, used 346112K [0x00000000d5580000, 0x00000000fac80000, 0x0000000100000000)
  eden space 346112K, 100% used [0x00000000d5580000,0x00000000ea780000,0x00000000ea780000)
  from space 54784K, 0% used [0x00000000ea780000,0x00000000ea780000,0x00000000edd00000)
  to   space 62464K, 0% used [0x00000000f6f80000,0x00000000f6f80000,0x00000000fac80000)
 ParOldGen       total 289792K, used 124123K [0x0000000080000000, 0x0000000091b00000, 0x00000000d5580000)
  object space 289792K, 42% used [0x0000000080000000,0x0000000087936fa0,0x0000000091b00000)
 Metaspace       used 77567K, capacity 82612K, committed 82776K, reserved 1120256K
  class space    used 10172K, capacity 12061K, committed 12120K, reserved 1048576K
Event: 23.394 GC heap after
Heap after GC invocations=13 (full 3):
 PSYoungGen      total 516096K, used 55728K [0x00000000d5580000, 0x00000000fa600000, 0x0000000100000000)
  eden space 460288K, 0% used [0x00000000d5580000,0x00000000d5580000,0x00000000f1700000)
  from space 55808K, 99% used [0x00000000f6f80000,0x00000000fa5ec1a0,0x00000000fa600000)
  to   space 68096K, 0% used [0x00000000f2100000,0x00000000f2100000,0x00000000f6380000)
 ParOldGen       total 289792K, used 124131K [0x0000000080000000, 0x0000000091b00000, 0x00000000d5580000)
  object space 289792K, 42% used [0x0000000080000000,0x0000000087938fa0,0x0000000091b00000)
 Metaspace       used 77567K, capacity 82612K, committed 82776K, reserved 1120256K
  class space    used 10172K, capacity 12061K, committed 12120K, reserved 1048576K
}
Event: 26.009 GC heap before
{Heap before GC invocations=14 (full 3):
 PSYoungGen      total 516096K, used 516016K [0x00000000d5580000, 0x00000000fa600000, 0x0000000100000000)
  eden space 460288K, 100% used [0x00000000d5580000,0x00000000f1700000,0x00000000f1700000)
  from space 55808K, 99% used [0x00000000f6f80000,0x00000000fa5ec1a0,0x00000000fa600000)
  to   space 68096K, 0% used [0x00000000f2100000,0x00000000f2100000,0x00000000f6380000)
 ParOldGen       total 289792K, used 124131K [0x0000000080000000, 0x0000000091b00000, 0x00000000d5580000)
  object space 289792K, 42% used [0x0000000080000000,0x0000000087938fa0,0x0000000091b00000)
 Metaspace       used 85189K, capacity 90150K, committed 90328K, reserved 1126400K
  class space    used 11103K, capacity 12931K, committed 13016K, reserved 1048576K
Event: 26.097 GC heap after
Heap after GC invocations=14 (full 3):
 PSYoungGen      total 538624K, used 58469K [0x00000000d5580000, 0x0000000100000000, 0x0000000100000000)
  eden space 470528K, 0% used [0x00000000d5580000,0x00000000d5580000,0x00000000f2100000)
  from space 68096K, 85% used [0x00000000f2100000,0x00000000f5a19768,0x00000000f6380000)
  to   space 73728K, 0% used [0x00000000fb800000,0x00000000fb800000,0x0000000100000000)
 ParOldGen       total 289792K, used 124139K [0x0000000080000000, 0x0000000091b00000, 0x00000000d5580000)
  object space 289792K, 42% used [0x0000000080000000,0x000000008793afa0,0x0000000091b00000)
 Metaspace       used 85189K, capacity 90150K, committed 90328K, reserved 1126400K
  class space    used 11103K, capacity 12931K, committed 13016K, reserved 1048576K
}
Event: 29.781 GC heap before
{Heap before GC invocations=15 (full 3):
 PSYoungGen      total 538624K, used 368586K [0x00000000d5580000, 0x0000000100000000, 0x0000000100000000)
  eden space 470528K, 65% used [0x00000000d5580000,0x00000000e8459310,0x00000000f2100000)
  from space 68096K, 85% used [0x00000000f2100000,0x00000000f5a19768,0x00000000f6380000)
  to   space 73728K, 0% used [0x00000000fb800000,0x00000000fb800000,0x0000000100000000)
 ParOldGen       total 289792K, used 124139K [0x0000000080000000, 0x0000000091b00000, 0x00000000d5580000)
  object space 289792K, 42% used [0x0000000080000000,0x000000008793afa0,0x0000000091b00000)
 Metaspace       used 92344K, capacity 98384K, committed 98496K, reserved 1134592K
  class space    used 11999K, capacity 14101K, committed 14168K, reserved 1048576K
Event: 29.912 GC heap after
Heap after GC invocations=15 (full 3):
 PSYoungGen      total 606720K, used 71530K [0x00000000d5580000, 0x0000000100000000, 0x0000000100000000)
  eden space 532992K, 0% used [0x00000000d5580000,0x00000000d5580000,0x00000000f5e00000)
  from space 73728K, 97% used [0x00000000fb800000,0x00000000ffdda930,0x0000000100000000)
  to   space 82944K, 0% used [0x00000000f5e00000,0x00000000f5e00000,0x00000000faf00000)
 ParOldGen       total 289792K, used 124147K [0x0000000080000000, 0x0000000091b00000, 0x00000000d5580000)
  object space 289792K, 42% used [0x0000000080000000,0x000000008793cfa0,0x0000000091b00000)
 Metaspace       used 92344K, capacity 98384K, committed 98496K, reserved 1134592K
  class space    used 11999K, capacity 14101K, committed 14168K, reserved 1048576K
}
Event: 29.912 GC heap before
{Heap before GC invocations=16 (full 4):
 PSYoungGen      total 606720K, used 71530K [0x00000000d5580000, 0x0000000100000000, 0x0000000100000000)
  eden space 532992K, 0% used [0x00000000d5580000,0x00000000d5580000,0x00000000f5e00000)
  from space 73728K, 97% used [0x00000000fb800000,0x00000000ffdda930,0x0000000100000000)
  to   space 82944K, 0% used [0x00000000f5e00000,0x00000000f5e00000,0x00000000faf00000)
 ParOldGen       total 289792K, used 124147K [0x0000000080000000, 0x0000000091b00000, 0x00000000d5580000)
  object space 289792K, 42% used [0x0000000080000000,0x000000008793cfa0,0x0000000091b00000)
 Metaspace       used 92344K, capacity 98384K, committed 98496K, reserved 1134592K
  class space    used 11999K, capacity 14101K, committed 14168K, reserved 1048576K
Event: 30.597 GC heap after
Heap after GC invocations=16 (full 4):
 PSYoungGen      total 606720K, used 0K [0x00000000d5580000, 0x0000000100000000, 0x0000000100000000)
  eden space 532992K, 0% used [0x00000000d5580000,0x00000000d5580000,0x00000000f5e00000)
  from space 73728K, 0% used [0x00000000fb800000,0x00000000fb800000,0x0000000100000000)
  to   space 82944K, 0% used [0x00000000f5e00000,0x00000000f5e00000,0x00000000faf00000)
 ParOldGen       total 393728K, used 187242K [0x0000000080000000, 0x0000000098080000, 0x00000000d5580000)
  object space 393728K, 47% used [0x0000000080000000,0x000000008b6daa00,0x0000000098080000)
 Metaspace       used 92344K, capacity 98384K, committed 98496K, reserved 1134592K
  class space    used 11999K, capacity 14101K, committed 14168K, reserved 1048576K
}

