# JRE version: Java(TM) SE Runtime Environment (8.0_25-b17) (build 1.8.0_25-b17)
# Java VM: Java HotSpot(TM) 64-Bit Server VM (25.25-b02 mixed mode linux-amd64 compressed oops)
Heap:
 PSYoungGen      total 392704K, used 46873K [0x00000000d5580000, 0x00000000fb100000, 0x0000000100000000)
  eden space 336896K, 13% used [0x00000000d5580000,0x00000000d83466b0,0x00000000e9e80000)
  from space 55808K, 0% used [0x00000000e9e80000,0x00000000e9e80000,0x00000000ed500000)
  to   space 57856K, 0% used [0x00000000f7880000,0x00000000f7880000,0x00000000fb100000)
 ParOldGen       total 267776K, used 109595K [0x0000000080000000, 0x0000000090580000, 0x00000000d5580000)
  object space 267776K, 40% used [0x0000000080000000,0x0000000086b06ec0,0x0000000090580000)
 Metaspace       used 55357K, capacity 60044K, committed 60288K, reserved 1101824K
  class space    used 6554K, capacity 8240K, committed 8320K, reserved 1048576K
GC Heap History (10 events):
Event: 8.804 GC heap before
{Heap before GC invocations=8 (full 2):
 PSYoungGen      total 275968K, used 31977K [0x00000000d5580000, 0x00000000ee800000, 0x0000000100000000)
  eden space 235008K, 0% used [0x00000000d5580000,0x00000000d5580000,0x00000000e3b00000)
  from space 40960K, 78% used [0x00000000e6500000,0x00000000e843a750,0x00000000e8d00000)
  to   space 43008K, 0% used [0x00000000e3b00000,0x00000000e3b00000,0x00000000e6500000)
 ParOldGen       total 136704K, used 68989K [0x0000000080000000, 0x0000000088580000, 0x00000000d5580000)
  object space 136704K, 50% used [0x0000000080000000,0x000000008435f4d8,0x0000000088580000)
 Metaspace       used 32686K, capacity 35408K, committed 35456K, reserved 1081344K
  class space    used 3641K, capacity 4477K, committed 4480K, reserved 1048576K
Event: 9.053 GC heap after
Heap after GC invocations=8 (full 2):
 PSYoungGen      total 275968K, used 0K [0x00000000d5580000, 0x00000000ee800000, 0x0000000100000000)
  eden space 235008K, 0% used [0x00000000d5580000,0x00000000d5580000,0x00000000e3b00000)
  from space 40960K, 0% used [0x00000000e6500000,0x00000000e6500000,0x00000000e8d00000)
  to   space 43008K, 0% used [0x00000000e3b00000,0x00000000e3b00000,0x00000000e6500000)
 ParOldGen       total 225792K, used 80448K [0x0000000080000000, 0x000000008dc80000, 0x00000000d5580000)
  object space 225792K, 35% used [0x0000000080000000,0x0000000084e90160,0x000000008dc80000)
 Metaspace       used 32686K, capacity 35408K, committed 35456K, reserved 1081344K
  class space    used 3641K, capacity 4477K, committed 4480K, reserved 1048576K
}
Event: 12.757 GC heap before
{Heap before GC invocations=9 (full 2):
 PSYoungGen      total 275968K, used 235008K [0x00000000d5580000, 0x00000000ee800000, 0x0000000100000000)
  eden space 235008K, 100% used [0x00000000d5580000,0x00000000e3b00000,0x00000000e3b00000)
  from space 40960K, 0% used [0x00000000e6500000,0x00000000e6500000,0x00000000e8d00000)
  to   space 43008K, 0% used [0x00000000e3b00000,0x00000000e3b00000,0x00000000e6500000)
 ParOldGen       total 225792K, used 80448K [0x0000000080000000, 0x000000008dc80000, 0x00000000d5580000)
  object space 225792K, 35% used [0x0000000080000000,0x0000000084e90160,0x000000008dc80000)
 Metaspace       used 42057K, capacity 45810K, committed 46080K, reserved 1089536K
  class space    used 4768K, capacity 6022K, committed 6144K, reserved 1048576K
Event: 12.808 GC heap after
Heap after GC invocations=9 (full 2):
 PSYoungGen      total 278016K, used 32180K [0x00000000d5580000, 0x00000000f0080000, 0x0000000100000000)
  eden space 235008K, 0% used [0x00000000d5580000,0x00000000d5580000,0x00000000e3b00000)
  from space 43008K, 74% used [0x00000000e3b00000,0x00000000e5a6d028,0x00000000e6500000)
  to   space 44544K, 0% used [0x00000000ed500000,0x00000000ed500000,0x00000000f0080000)
 ParOldGen       total 225792K, used 80456K [0x0000000080000000, 0x000000008dc80000, 0x00000000d5580000)
  object space 225792K, 35% used [0x0000000080000000,0x0000000084e92160,0x000000008dc80000)
 Metaspace       used 42057K, capacity 45810K, committed 46080K, reserved 1089536K
  class space    used 4768K, capacity 6022K, committed 6144K, reserved 1048576K
}
Event: 15.305 GC heap before
{Heap before GC invocations=10 (full 2):
 PSYoungGen      total 278016K, used 267188K [0x00000000d5580000, 0x00000000f0080000, 0x0000000100000000)
  eden space 235008K, 100% used [0x00000000d5580000,0x00000000e3b00000,0x00000000e3b00000)
  from space 43008K, 74% used [0x00000000e3b00000,0x00000000e5a6d028,0x00000000e6500000)
  to   space 44544K, 0% used [0x00000000ed500000,0x00000000ed500000,0x00000000f0080000)
 ParOldGen       total 225792K, used 80456K [0x0000000080000000, 0x000000008dc80000, 0x00000000d5580000)
  object space 225792K, 35% used [0x0000000080000000,0x0000000084e92160,0x000000008dc80000)
 Metaspace       used 54369K, capacity 58820K, committed 59008K, reserved 1099776K
  class space    used 6413K, capacity 8000K, committed 8064K, reserved 1048576K
Event: 15.404 GC heap after
Heap after GC invocations=10 (full 2):
 PSYoungGen      total 381440K, used 44525K [0x00000000d5580000, 0x00000000f1600000, 0x0000000100000000)
  eden space 336896K, 0% used [0x00000000d5580000,0x00000000d5580000,0x00000000e9e80000)
  from space 44544K, 99% used [0x00000000ed500000,0x00000000f007b768,0x00000000f0080000)
  to   space 55808K, 0% used [0x00000000e9e80000,0x00000000e9e80000,0x00000000ed500000)
 ParOldGen       total 225792K, used 91905K [0x0000000080000000, 0x000000008dc80000, 0x00000000d5580000)
  object space 225792K, 40% used [0x0000000080000000,0x00000000859c0410,0x000000008dc80000)
 Metaspace       used 54369K, capacity 58820K, committed 59008K, reserved 1099776K
  class space    used 6413K, capacity 8000K, committed 8064K, reserved 1048576K
}
Event: 15.447 GC heap before
{Heap before GC invocations=11 (full 2):
 PSYoungGen      total 381440K, used 54415K [0x00000000d5580000, 0x00000000f1600000, 0x0000000100000000)
  eden space 336896K, 2% used [0x00000000d5580000,0x00000000d5f28878,0x00000000e9e80000)
  from space 44544K, 99% used [0x00000000ed500000,0x00000000f007b768,0x00000000f0080000)
  to   space 55808K, 0% used [0x00000000e9e80000,0x00000000e9e80000,0x00000000ed500000)
 ParOldGen       total 225792K, used 91905K [0x0000000080000000, 0x000000008dc80000, 0x00000000d5580000)
  object space 225792K, 40% used [0x0000000080000000,0x00000000859c0410,0x000000008dc80000)
 Metaspace       used 54503K, capacity 59012K, committed 59096K, reserved 1099776K
  class space    used 6428K, capacity 8000K, committed 8064K, reserved 1048576K
Event: 15.522 GC heap after
Heap after GC invocations=11 (full 2):
 PSYoungGen      total 392704K, used 42100K [0x00000000d5580000, 0x00000000fb100000, 0x0000000100000000)
  eden space 336896K, 0% used [0x00000000d5580000,0x00000000d5580000,0x00000000e9e80000)
  from space 55808K, 75% used [0x00000000e9e80000,0x00000000ec79d040,0x00000000ed500000)
  to   space 57856K, 0% used [0x00000000f7880000,0x00000000f7880000,0x00000000fb100000)
 ParOldGen       total 225792K, used 91913K [0x0000000080000000, 0x000000008dc80000, 0x00000000d5580000)
  object space 225792K, 40% used [0x0000000080000000,0x00000000859c2410,0x000000008dc80000)
 Metaspace       used 54503K, capacity 59012K, committed 59096K, reserved 1099776K
  class space    used 6428K, capacity 8000K, committed 8064K, reserved 1048576K
}
Event: 15.522 GC heap before
{Heap before GC invocations=12 (full 3):
 PSYoungGen      total 392704K, used 42100K [0x00000000d5580000, 0x00000000fb100000, 0x0000000100000000)
  eden space 336896K, 0% used [0x00000000d5580000,0x00000000d5580000,0x00000000e9e80000)
  from space 55808K, 75% used [0x00000000e9e80000,0x00000000ec79d040,0x00000000ed500000)
  to   space 57856K, 0% used [0x00000000f7880000,0x00000000f7880000,0x00000000fb100000)
 ParOldGen       total 225792K, used 91913K [0x0000000080000000, 0x000000008dc80000, 0x00000000d5580000)
  object space 225792K, 40% used [0x0000000080000000,0x00000000859c2410,0x000000008dc80000)
 Metaspace       used 54503K, capacity 59012K, committed 59096K, reserved 1099776K
  class space    used 6428K, capacity 8000K, committed 8064K, reserved 1048576K
Event: 16.091 GC heap after
Heap after GC invocations=12 (full 3):
 PSYoungGen      total 392704K, used 0K [0x00000000d5580000, 0x00000000fb100000, 0x0000000100000000)
  eden space 336896K, 0% used [0x00000000d5580000,0x00000000d5580000,0x00000000e9e80000)
  from space 55808K, 0% used [0x00000000e9e80000,0x00000000e9e80000,0x00000000ed500000)
  to   space 57856K, 0% used [0x00000000f7880000,0x00000000f7880000,0x00000000fb100000)
 ParOldGen       total 267776K, used 109595K [0x0000000080000000, 0x0000000090580000, 0x00000000d5580000)
  object space 267776K, 40% used [0x0000000080000000,0x0000000086b06ec0,0x0000000090580000)
 Metaspace       used 54503K, capacity 59012K, committed 59096K, reserved 1099776K
  class space    used 6428K, capacity 8000K, committed 8064K, reserved 1048576K
}

