# JRE version: Java(TM) SE Runtime Environment (8.0_25-b17) (build 1.8.0_25-b17)
# Java VM: Java HotSpot(TM) 64-Bit Server VM (25.25-b02 mixed mode linux-amd64 compressed oops)
Heap:
 PSYoungGen      total 18944K, used 9214K [0x00000000d6500000, 0x00000000d7f80000, 0x0000000100000000)
  eden space 13312K, 33% used [0x00000000d6500000,0x00000000d696a940,0x00000000d7200000)
  from space 5632K, 83% used [0x00000000d7800000,0x00000000d7c95138,0x00000000d7d80000)
  to   space 6144K, 0% used [0x00000000d7200000,0x00000000d7200000,0x00000000d7800000)
 ParOldGen       total 12800K, used 6940K [0x0000000082e00000, 0x0000000083a80000, 0x00000000d6500000)
  object space 12800K, 54% used [0x0000000082e00000,0x00000000834c7138,0x0000000083a80000)
 Metaspace       used 8390K, capacity 8756K, committed 8960K, reserved 1056768K
  class space    used 992K, capacity 1008K, committed 1024K, reserved 1048576K
GC Heap History (10 events):
Event: 0.772 GC heap before
{Heap before GC invocations=5 (full 0):
 PSYoungGen      total 6656K, used 6656K [0x00000000d6500000, 0x00000000d6c00000, 0x0000000100000000)
  eden space 6144K, 100% used [0x00000000d6500000,0x00000000d6b00000,0x00000000d6b00000)
  from space 512K, 100% used [0x00000000d6b80000,0x00000000d6c00000,0x00000000d6c00000)
  to   space 512K, 0% used [0x00000000d6b00000,0x00000000d6b00000,0x00000000d6b80000)
 ParOldGen       total 5632K, used 1028K [0x0000000082e00000, 0x0000000083380000, 0x00000000d6500000)
  object space 5632K, 18% used [0x0000000082e00000,0x0000000082f01008,0x0000000083380000)
 Metaspace       used 7935K, capacity 8404K, committed 8704K, reserved 1056768K
  class space    used 956K, capacity 976K, committed 1024K, reserved 1048576K
Event: 0.778 GC heap after
Heap after GC invocations=5 (full 0):
 PSYoungGen      total 6656K, used 490K [0x00000000d6500000, 0x00000000d7500000, 0x0000000100000000)
  eden space 6144K, 0% used [0x00000000d6500000,0x00000000d6500000,0x00000000d6b00000)
  from space 512K, 95% used [0x00000000d6b00000,0x00000000d6b7aa90,0x00000000d6b80000)
  to   space 2048K, 0% used [0x00000000d7300000,0x00000000d7300000,0x00000000d7500000)
 ParOldGen       total 5632K, used 2678K [0x0000000082e00000, 0x0000000083380000, 0x00000000d6500000)
  object space 5632K, 47% used [0x0000000082e00000,0x000000008309db38,0x0000000083380000)
 Metaspace       used 7935K, capacity 8404K, committed 8704K, reserved 1056768K
  class space    used 956K, capacity 976K, committed 1024K, reserved 1048576K
}
Event: 0.836 GC heap before
{Heap before GC invocations=6 (full 0):
 PSYoungGen      total 6656K, used 6634K [0x00000000d6500000, 0x00000000d7500000, 0x0000000100000000)
  eden space 6144K, 100% used [0x00000000d6500000,0x00000000d6b00000,0x00000000d6b00000)
  from space 512K, 95% used [0x00000000d6b00000,0x00000000d6b7aa90,0x00000000d6b80000)
  to   space 2048K, 0% used [0x00000000d7300000,0x00000000d7300000,0x00000000d7500000)
 ParOldGen       total 5632K, used 2678K [0x0000000082e00000, 0x0000000083380000, 0x00000000d6500000)
  object space 5632K, 47% used [0x0000000082e00000,0x000000008309db38,0x0000000083380000)
 Metaspace       used 8036K, capacity 8468K, committed 8704K, reserved 1056768K
  class space    used 964K, capacity 976K, committed 1024K, reserved 1048576K
Event: 0.853 GC heap after
Heap after GC invocations=6 (full 0):
 PSYoungGen      total 11776K, used 2016K [0x00000000d6500000, 0x00000000d7a00000, 0x0000000100000000)
  eden space 9728K, 0% used [0x00000000d6500000,0x00000000d6500000,0x00000000d6e80000)
  from space 2048K, 98% used [0x00000000d7300000,0x00000000d74f80b8,0x00000000d7500000)
  to   space 4608K, 0% used [0x00000000d6e80000,0x00000000d6e80000,0x00000000d7300000)
 ParOldGen       total 7168K, used 6576K [0x0000000082e00000, 0x0000000083500000, 0x00000000d6500000)
  object space 7168K, 91% used [0x0000000082e00000,0x000000008346c348,0x0000000083500000)
 Metaspace       used 8036K, capacity 8468K, committed 8704K, reserved 1056768K
  class space    used 964K, capacity 976K, committed 1024K, reserved 1048576K
}
Event: 0.853 GC heap before
{Heap before GC invocations=7 (full 1):
 PSYoungGen      total 11776K, used 2016K [0x00000000d6500000, 0x00000000d7a00000, 0x0000000100000000)
  eden space 9728K, 0% used [0x00000000d6500000,0x00000000d6500000,0x00000000d6e80000)
  from space 2048K, 98% used [0x00000000d7300000,0x00000000d74f80b8,0x00000000d7500000)
  to   space 4608K, 0% used [0x00000000d6e80000,0x00000000d6e80000,0x00000000d7300000)
 ParOldGen       total 7168K, used 6576K [0x0000000082e00000, 0x0000000083500000, 0x00000000d6500000)
  object space 7168K, 91% used [0x0000000082e00000,0x000000008346c348,0x0000000083500000)
 Metaspace       used 8036K, capacity 8468K, committed 8704K, reserved 1056768K
  class space    used 964K, capacity 976K, committed 1024K, reserved 1048576K
Event: 0.952 GC heap after
Heap after GC invocations=7 (full 1):
 PSYoungGen      total 11776K, used 1502K [0x00000000d6500000, 0x00000000d7a00000, 0x0000000100000000)
  eden space 9728K, 0% used [0x00000000d6500000,0x00000000d6500000,0x00000000d6e80000)
  from space 2048K, 73% used [0x00000000d7300000,0x00000000d74778a0,0x00000000d7500000)
  to   space 4608K, 0% used [0x00000000d6e80000,0x00000000d6e80000,0x00000000d7300000)
 ParOldGen       total 12800K, used 6916K [0x0000000082e00000, 0x0000000083a80000, 0x00000000d6500000)
  object space 12800K, 54% used [0x0000000082e00000,0x00000000834c1138,0x0000000083a80000)
 Metaspace       used 8036K, capacity 8468K, committed 8704K, reserved 1056768K
  class space    used 964K, capacity 976K, committed 1024K, reserved 1048576K
}
Event: 1.100 GC heap before
{Heap before GC invocations=8 (full 1):
 PSYoungGen      total 11776K, used 11230K [0x00000000d6500000, 0x00000000d7a00000, 0x0000000100000000)
  eden space 9728K, 100% used [0x00000000d6500000,0x00000000d6e80000,0x00000000d6e80000)
  from space 2048K, 73% used [0x00000000d7300000,0x00000000d74778a0,0x00000000d7500000)
  to   space 4608K, 0% used [0x00000000d6e80000,0x00000000d6e80000,0x00000000d7300000)
 ParOldGen       total 12800K, used 6916K [0x0000000082e00000, 0x0000000083a80000, 0x00000000d6500000)
  object space 12800K, 54% used [0x0000000082e00000,0x00000000834c1138,0x0000000083a80000)
 Metaspace       used 8215K, capacity 8628K, committed 8704K, reserved 1056768K
  class space    used 977K, capacity 1008K, committed 1024K, reserved 1048576K
Event: 1.112 GC heap after
Heap after GC invocations=8 (full 1):
 PSYoungGen      total 14336K, used 4265K [0x00000000d6500000, 0x00000000d7d80000, 0x0000000100000000)
  eden space 9728K, 0% used [0x00000000d6500000,0x00000000d6500000,0x00000000d6e80000)
  from space 4608K, 92% used [0x00000000d6e80000,0x00000000d72aa728,0x00000000d7300000)
  to   space 5632K, 0% used [0x00000000d7800000,0x00000000d7800000,0x00000000d7d80000)
 ParOldGen       total 12800K, used 6932K [0x0000000082e00000, 0x0000000083a80000, 0x00000000d6500000)
  object space 12800K, 54% used [0x0000000082e00000,0x00000000834c5138,0x0000000083a80000)
 Metaspace       used 8215K, capacity 8628K, committed 8704K, reserved 1056768K
  class space    used 977K, capacity 1008K, committed 1024K, reserved 1048576K
}
Event: 1.165 GC heap before
{Heap before GC invocations=9 (full 1):
 PSYoungGen      total 14336K, used 13993K [0x00000000d6500000, 0x00000000d7d80000, 0x0000000100000000)
  eden space 9728K, 100% used [0x00000000d6500000,0x00000000d6e80000,0x00000000d6e80000)
  from space 4608K, 92% used [0x00000000d6e80000,0x00000000d72aa728,0x00000000d7300000)
  to   space 5632K, 0% used [0x00000000d7800000,0x00000000d7800000,0x00000000d7d80000)
 ParOldGen       total 12800K, used 6932K [0x0000000082e00000, 0x0000000083a80000, 0x00000000d6500000)
  object space 12800K, 54% used [0x0000000082e00000,0x00000000834c5138,0x0000000083a80000)
 Metaspace       used 8288K, capacity 8692K, committed 8960K, reserved 1056768K
  class space    used 982K, capacity 1008K, committed 1024K, reserved 1048576K
Event: 1.178 GC heap after
Heap after GC invocations=9 (full 1):
 PSYoungGen      total 18944K, used 4692K [0x00000000d6500000, 0x00000000d7f80000, 0x0000000100000000)
  eden space 13312K, 0% used [0x00000000d6500000,0x00000000d6500000,0x00000000d7200000)
  from space 5632K, 83% used [0x00000000d7800000,0x00000000d7c95138,0x00000000d7d80000)
  to   space 6144K, 0% used [0x00000000d7200000,0x00000000d7200000,0x00000000d7800000)
 ParOldGen       total 12800K, used 6940K [0x0000000082e00000, 0x0000000083a80000, 0x00000000d6500000)
  object space 12800K, 54% used [0x0000000082e00000,0x00000000834c7138,0x0000000083a80000)
 Metaspace       used 8288K, capacity 8692K, committed 8960K, reserved 1056768K
  class space    used 982K, capacity 1008K, committed 1024K, reserved 1048576K
}

